#
# There is insufficient memory for the Java Runtime Environment to continue.
# Native memory allocation (mmap) failed to map 48234496 bytes for committing reserved memory.
# Possible reasons:
#   The system is out of physical RAM or swap space
#   In 32 bit mode, the process size limit was hit
# Possible solutions:
#   Reduce memory load on the system
#   Increase physical memory or swap space
#   Check if swap backing store is full
#   Use 64 bit Java on a 64 bit OS
#   Decrease Java heap size (-Xmx/-Xms)
#   Decrease number of Java threads
#   Decrease Java thread stack sizes (-Xss)
#   Set larger code cache with -XX:ReservedCodeCacheSize=
# This output file may be truncated or incomplete.
#
#  Out of Memory Error (os_linux.cpp:2627), pid=20793, tid=140481729103616
#
# JRE version: Java(TM) SE Runtime Environment (8.0_66-b17) (build 1.8.0_66-b17)
# Java VM: Java HotSpot(TM) 64-Bit Server VM (25.66-b17 mixed mode linux-amd64 compressed oops)
# Failed to write core dump. Core dumps have been disabled. To enable core dumping, try "ulimit -c unlimited" before starting Java again
#

---------------  T H R E A D  ---------------

Current thread (0x00007fc488073800):  VMThread [stack: 0x00007fc4737f8000,0x00007fc4738f9000] [id=20801]

Stack: [0x00007fc4737f8000,0x00007fc4738f9000],  sp=0x00007fc4738f7220,  free space=1020k
Native frames: (J=compiled Java code, j=interpreted, Vv=VM code, C=native code)
V  [libjvm.so+0xab9a1a]  VMError::report_and_die()+0x2ba
V  [libjvm.so+0x4f9e0b]  report_vm_out_of_memory(char const*, int, unsigned long, VMErrorType, char const*)+0x8b
V  [libjvm.so+0x91a8a3]  os::Linux::commit_memory_impl(char*, unsigned long, bool)+0x103
V  [libjvm.so+0x91adf9]  os::pd_commit_memory(char*, unsigned long, unsigned long, bool)+0x29
V  [libjvm.so+0x91510a]  os::commit_memory(char*, unsigned long, unsigned long, bool)+0x2a
V  [libjvm.so+0x9887a3]  PSVirtualSpace::expand_by(unsigned long)+0x53
V  [libjvm.so+0x979090]  PSOldGen::expand(unsigned long)+0x170
V  [libjvm.so+0x97929b]  PSOldGen::resize(unsigned long)+0x1cb
V  [libjvm.so+0x980f71]  PSParallelCompact::invoke_no_policy(bool)+0x991
V  [libjvm.so+0x9868cd]  PSScavenge::invoke()+0x1ad
V  [libjvm.so+0x93e500]  ParallelScavengeHeap::failed_mem_allocate(unsigned long)+0x70
V  [libjvm.so+0xabb437]  VM_ParallelGCFailedAllocation::doit()+0x97
V  [libjvm.so+0xac2e65]  VM_Operation::evaluate()+0x55
V  [libjvm.so+0xac123a]  VMThread::evaluate_operation(VM_Operation*)+0xba
V  [libjvm.so+0xac15be]  VMThread::loop()+0x1ce
V  [libjvm.so+0xac1a30]  VMThread::run()+0x70
V  [libjvm.so+0x91cc68]  java_start(Thread*)+0x108

VM_Operation (0x00007fc43aed46b0): ParallelGCFailedAllocation, mode: safepoint, requested by thread 0x00007fc48829a800


---------------  P R O C E S S  ---------------

Java Threads: ( => current thread )
  0x00007fc42c49a800 JavaThread "Thread-3" daemon [_thread_blocked, id=20830, stack(0x00007fc43833d000,0x00007fc43843e000)]
  0x00007fc42c4eb000 JavaThread "Prism Font Disposer" daemon [_thread_blocked, id=20827, stack(0x00007fc438878000,0x00007fc438979000)]
  0x00007fc48829e000 JavaThread "JavaFX-Launcher" [_thread_blocked, id=20815, stack(0x00007fc43acd7000,0x00007fc43add8000)]
  0x00007fc48829a800 JavaThread "JavaFX Application Thread" [_thread_blocked, id=20814, stack(0x00007fc43add8000,0x00007fc43aed9000)]
  0x00007fc488296000 JavaThread "Thread-1" daemon [_thread_blocked, id=20813, stack(0x00007fc43aed9000,0x00007fc43afda000)]
  0x00007fc4881c5800 JavaThread "QuantumRenderer-0" daemon [_thread_blocked, id=20811, stack(0x00007fc472d8d000,0x00007fc472e8e000)]
  0x00007fc4880bb800 JavaThread "Service Thread" daemon [_thread_blocked, id=20807, stack(0x00007fc473024000,0x00007fc473125000)]
  0x00007fc4880b7000 JavaThread "C1 CompilerThread1" daemon [_thread_blocked, id=20806, stack(0x00007fc473125000,0x00007fc473226000)]
  0x00007fc4880b4000 JavaThread "C2 CompilerThread0" daemon [_thread_blocked, id=20805, stack(0x00007fc473226000,0x00007fc473327000)]
  0x00007fc4880b2800 JavaThread "Signal Dispatcher" daemon [_thread_blocked, id=20804, stack(0x00007fc473327000,0x00007fc473428000)]
  0x00007fc48807a800 JavaThread "Finalizer" daemon [_thread_blocked, id=20803, stack(0x00007fc4735f6000,0x00007fc4736f7000)]
  0x00007fc488078800 JavaThread "Reference Handler" daemon [_thread_blocked, id=20802, stack(0x00007fc4736f7000,0x00007fc4737f8000)]
  0x00007fc48800a000 JavaThread "main" [_thread_blocked, id=20795, stack(0x00007fc490371000,0x00007fc490472000)]

Other Threads:
=>0x00007fc488073800 VMThread [stack: 0x00007fc4737f8000,0x00007fc4738f9000] [id=20801]
  0x00007fc4880be800 WatcherThread [stack: 0x00007fc472f23000,0x00007fc473024000] [id=20808]

VM state:at safepoint (normal execution)

VM Mutex/Monitor currently owned by a thread:  ([mutex/lock_event])
[0x00007fc488005b20] ExpandHeap_lock - owner thread: 0x00007fc488073800
[0x00007fc4880061a0] Threads_lock - owner thread: 0x00007fc488073800
[0x00007fc4880066a0] Heap_lock - owner thread: 0x00007fc48829a800

Heap:
 PSYoungGen      total 136704K, used 1735K [0x00000000f5900000, 0x0000000100000000, 0x0000000100000000)
  eden space 102400K, 0% used [0x00000000f5900000,0x00000000f5900000,0x00000000fbd00000)
  from space 34304K, 5% used [0x00000000fbd00000,0x00000000fbeb1c28,0x00000000fde80000)
  to   space 33792K, 0% used [0x00000000fdf00000,0x00000000fdf00000,0x0000000100000000)
 ParOldGen       total 102912K, used 102533K [0x00000000e0a00000, 0x00000000e6e80000, 0x00000000f5900000)
  object space 102912K, 99% used [0x00000000e0a00000,0x00000000e6e21528,0x00000000e6e80000)
 Metaspace       used 24011K, capacity 25996K, committed 26240K, reserved 1071104K
  class space    used 3220K, capacity 3608K, committed 3712K, reserved 1048576K

Card table byte_map: [0x00007fc48d077000,0x00007fc48d173000] byte_map_base: 0x00007fc48c972000

Marking Bits: (ParMarkBitMap*) 0x00007fc48f882020
 Begin Bits: [0x00007fc478050000, 0x00007fc478828000)
 End Bits:   [0x00007fc478828000, 0x00007fc479000000)

Polling page: 0x00007fc4904a2000

CodeCache: size=245760Kb used=18664Kb max_used=18668Kb free=227095Kb
 bounds [0x00007fc479000000, 0x00007fc47a270000, 0x00007fc488000000]
 total_blobs=6877 nmethods=6229 adapters=561
 compilation: enabled

Compilation events (10 events):
Event: 103.762 Thread 0x00007fc4880b7000 6793       3       javafx.scene.text.TextFlow::layoutChildren (261 bytes)
Event: 103.764 Thread 0x00007fc4880b7000 nmethod 6793 0x00007fc47a25fa10 code [0x00007fc47a25fd80, 0x00007fc47a261cc8]
Event: 103.775 Thread 0x00007fc4880b4000 nmethod 6769 0x00007fc4797460d0 code [0x00007fc4797462e0, 0x00007fc479746e58]
Event: 103.775 Thread 0x00007fc4880b4000 6774   !   4       com.sun.javafx.text.PrismTextLayout::layout (1635 bytes)
Event: 103.831 Thread 0x00007fc4880b7000 6794 %     3       com.sun.javafx.text.PrismTextLayout::reuseRuns @ 7 (129 bytes)
Event: 103.832 Thread 0x00007fc4880b7000 nmethod 6794% 0x00007fc47a229990 code [0x00007fc47a229ba0, 0x00007fc47a22a6e8]
Event: 103.832 Thread 0x00007fc4880b7000 6795       3       com.sun.javafx.text.PrismTextLayout::reuseRuns (129 bytes)
Event: 103.833 Thread 0x00007fc4880b7000 nmethod 6795 0x00007fc47923edd0 code [0x00007fc47923efe0, 0x00007fc47923fac8]
Event: 103.907 Thread 0x00007fc4880b7000 6796       1       java.util.HashMap$Values::size (8 bytes)
Event: 103.907 Thread 0x00007fc4880b7000 nmethod 6796 0x00007fc47a229690 code [0x00007fc47a2297e0, 0x00007fc47a2298f0]

GC Heap History (10 events):
Event: 99.703 GC heap after
Heap after GC invocations=17 (full 3):
 PSYoungGen      total 146944K, used 16326K [0x00000000f5900000, 0x0000000100000000, 0x0000000100000000)
  eden space 126976K, 0% used [0x00000000f5900000,0x00000000f5900000,0x00000000fd500000)
  from space 19968K, 81% used [0x00000000fec80000,0x00000000ffc71b08,0x0000000100000000)
  to   space 22016K, 0% used [0x00000000fd500000,0x00000000fd500000,0x00000000fea80000)
 ParOldGen       total 78336K, used 48024K [0x00000000e0a00000, 0x00000000e5680000, 0x00000000f5900000)
  object space 78336K, 61% used [0x00000000e0a00000,0x00000000e38e6140,0x00000000e5680000)
 Metaspace       used 23824K, capacity 25848K, committed 25984K, reserved 1071104K
  class space    used 3218K, capacity 3608K, committed 3712K, reserved 1048576K
}
Event: 101.350 GC heap before
{Heap before GC invocations=18 (full 3):
 PSYoungGen      total 146944K, used 143302K [0x00000000f5900000, 0x0000000100000000, 0x0000000100000000)
  eden space 126976K, 100% used [0x00000000f5900000,0x00000000fd500000,0x00000000fd500000)
  from space 19968K, 81% used [0x00000000fec80000,0x00000000ffc71b08,0x0000000100000000)
  to   space 22016K, 0% used [0x00000000fd500000,0x00000000fd500000,0x00000000fea80000)
 ParOldGen       total 78336K, used 48024K [0x00000000e0a00000, 0x00000000e5680000, 0x00000000f5900000)
  object space 78336K, 61% used [0x00000000e0a00000,0x00000000e38e6140,0x00000000e5680000)
 Metaspace       used 23968K, capacity 25984K, committed 26240K, reserved 1071104K
  class space    used 3220K, capacity 3608K, committed 3712K, reserved 1048576K
Event: 101.463 GC heap after
Heap after GC invocations=18 (full 3):
 PSYoungGen      total 148992K, used 22001K [0x00000000f5900000, 0x0000000100000000, 0x0000000100000000)
  eden space 126976K, 0% used [0x00000000f5900000,0x00000000f5900000,0x00000000fd500000)
  from space 22016K, 99% used [0x00000000fd500000,0x00000000fea7c650,0x00000000fea80000)
  to   space 22016K, 0% used [0x00000000fea80000,0x00000000fea80000,0x0000000100000000)
 ParOldGen       total 78336K, used 64447K [0x00000000e0a00000, 0x00000000e5680000, 0x00000000f5900000)
  object space 78336K, 82% used [0x00000000e0a00000,0x00000000e48efc58,0x00000000e5680000)
 Metaspace       used 23968K, capacity 25984K, committed 26240K, reserved 1071104K
  class space    used 3220K, capacity 3608K, committed 3712K, reserved 1048576K
}
Event: 101.463 GC heap before
{Heap before GC invocations=19 (full 4):
 PSYoungGen      total 148992K, used 22001K [0x00000000f5900000, 0x0000000100000000, 0x0000000100000000)
  eden space 126976K, 0% used [0x00000000f5900000,0x00000000f5900000,0x00000000fd500000)
  from space 22016K, 99% used [0x00000000fd500000,0x00000000fea7c650,0x00000000fea80000)
  to   space 22016K, 0% used [0x00000000fea80000,0x00000000fea80000,0x0000000100000000)
 ParOldGen       total 78336K, used 64447K [0x00000000e0a00000, 0x00000000e5680000, 0x00000000f5900000)
  object space 78336K, 82% used [0x00000000e0a00000,0x00000000e48efc58,0x00000000e5680000)
 Metaspace       used 23968K, capacity 25984K, committed 26240K, reserved 1071104K
  class space    used 3220K, capacity 3608K, committed 3712K, reserved 1048576K
Event: 101.965 GC heap after
Heap after GC invocations=19 (full 4):
 PSYoungGen      total 148992K, used 0K [0x00000000f5900000, 0x0000000100000000, 0x0000000100000000)
  eden space 126976K, 0% used [0x00000000f5900000,0x00000000f5900000,0x00000000fd500000)
  from space 22016K, 0% used [0x00000000fd500000,0x00000000fd500000,0x00000000fea80000)
  to   space 22016K, 0% used [0x00000000fea80000,0x00000000fea80000,0x0000000100000000)
 ParOldGen       total 102912K, used 65190K [0x00000000e0a00000, 0x00000000e6e80000, 0x00000000f5900000)
  object space 102912K, 63% used [0x00000000e0a00000,0x00000000e49a98f0,0x00000000e6e80000)
 Metaspace       used 23968K, capacity 25984K, committed 26240K, reserved 1071104K
  class space    used 3220K, capacity 3608K, committed 3712K, reserved 1048576K
}
Event: 103.050 GC heap before
{Heap before GC invocations=20 (full 4):
 PSYoungGen      total 148992K, used 126976K [0x00000000f5900000, 0x0000000100000000, 0x0000000100000000)
  eden space 126976K, 100% used [0x00000000f5900000,0x00000000fd500000,0x00000000fd500000)
  from space 22016K, 0% used [0x00000000fd500000,0x00000000fd500000,0x00000000fea80000)
  to   space 22016K, 0% used [0x00000000fea80000,0x00000000fea80000,0x0000000100000000)
 ParOldGen       total 102912K, used 65190K [0x00000000e0a00000, 0x00000000e6e80000, 0x00000000f5900000)
  object space 102912K, 63% used [0x00000000e0a00000,0x00000000e49a98f0,0x00000000e6e80000)
 Metaspace       used 24007K, capacity 25996K, committed 26240K, reserved 1071104K
  class space    used 3220K, capacity 3608K, committed 3712K, reserved 1048576K
Event: 103.123 GC heap after
Heap after GC invocations=20 (full 4):
 PSYoungGen      total 124416K, used 22015K [0x00000000f5900000, 0x0000000100000000, 0x0000000100000000)
  eden space 102400K, 0% used [0x00000000f5900000,0x00000000f5900000,0x00000000fbd00000)
  from space 22016K, 99% used [0x00000000fea80000,0x00000000fffffe18,0x0000000100000000)
  to   space 34304K, 0% used [0x00000000fbd00000,0x00000000fbd00000,0x00000000fde80000)
 ParOldGen       total 102912K, used 65830K [0x00000000e0a00000, 0x00000000e6e80000, 0x00000000f5900000)
  object space 102912K, 63% used [0x00000000e0a00000,0x00000000e4a498f0,0x00000000e6e80000)
 Metaspace       used 24007K, capacity 25996K, committed 26240K, reserved 1071104K
  class space    used 3220K, capacity 3608K, committed 3712K, reserved 1048576K
}
Event: 103.948 GC heap before
{Heap before GC invocations=21 (full 4):
 PSYoungGen      total 124416K, used 124415K [0x00000000f5900000, 0x0000000100000000, 0x0000000100000000)
  eden space 102400K, 100% used [0x00000000f5900000,0x00000000fbd00000,0x00000000fbd00000)
  from space 22016K, 99% used [0x00000000fea80000,0x00000000fffffe18,0x0000000100000000)
  to   space 34304K, 0% used [0x00000000fbd00000,0x00000000fbd00000,0x00000000fde80000)
 ParOldGen       total 102912K, used 65830K [0x00000000e0a00000, 0x00000000e6e80000, 0x00000000f5900000)
  object space 102912K, 63% used [0x00000000e0a00000,0x00000000e4a498f0,0x00000000e6e80000)
 Metaspace       used 24011K, capacity 25996K, committed 26240K, reserved 1071104K
  class space    used 3220K, capacity 3608K, committed 3712K, reserved 1048576K
Event: 104.091 GC heap after
Heap after GC invocations=21 (full 4):
 PSYoungGen      total 136704K, used 17119K [0x00000000f5900000, 0x0000000100000000, 0x0000000100000000)
  eden space 102400K, 0% used [0x00000000f5900000,0x00000000f5900000,0x00000000fbd00000)
  from space 34304K, 49% used [0x00000000fbd00000,0x00000000fcdb7d18,0x00000000fde80000)
  to   space 33792K, 0% used [0x00000000fdf00000,0x00000000fdf00000,0x0000000100000000)
 ParOldGen       total 102912K, used 87526K [0x00000000e0a00000, 0x00000000e6e80000, 0x00000000f5900000)
  object space 102912K, 85% used [0x00000000e0a00000,0x00000000e5f798f0,0x00000000e6e80000)
 Metaspace       used 24011K, capacity 25996K, committed 26240K, reserved 1071104K
  class space    used 3220K, capacity 3608K, committed 3712K, reserved 1048576K
}
Event: 104.091 GC heap before
{Heap before GC invocations=22 (full 5):
 PSYoungGen      total 136704K, used 17119K [0x00000000f5900000, 0x0000000100000000, 0x0000000100000000)
  eden space 102400K, 0% used [0x00000000f5900000,0x00000000f5900000,0x00000000fbd00000)
  from space 34304K, 49% used [0x00000000fbd00000,0x00000000fcdb7d18,0x00000000fde80000)
  to   space 33792K, 0% used [0x00000000fdf00000,0x00000000fdf00000,0x0000000100000000)
 ParOldGen       total 102912K, used 87526K [0x00000000e0a00000, 0x00000000e6e80000, 0x00000000f5900000)
  object space 102912K, 85% used [0x00000000e0a00000,0x00000000e5f798f0,0x00000000e6e80000)
 Metaspace       used 24011K, capacity 25996K, committed 26240K, reserved 1071104K
  class space    used 3220K, capacity 3608K, committed 3712K, reserved 1048576K

Deoptimization events (10 events):
Event: 55.397 Thread 0x00007fc48829a800 Uncommon trap: reason=class_check action=maybe_recompile pc=0x00007fc479b0d39c method=org.fxmisc.richtext.model.Paragraph.trim(I)Lorg/fxmisc/richtext/model/Paragraph; @ 49
Event: 55.398 Thread 0x00007fc48829a800 Uncommon trap: reason=class_check action=maybe_recompile pc=0x00007fc479b0d39c method=org.fxmisc.richtext.model.Paragraph.trim(I)Lorg/fxmisc/richtext/model/Paragraph; @ 49
Event: 62.878 Thread 0x00007fc48829a800 Uncommon trap: reason=class_check action=maybe_recompile pc=0x00007fc479b0d39c method=org.fxmisc.richtext.model.Paragraph.trim(I)Lorg/fxmisc/richtext/model/Paragraph; @ 49
Event: 63.059 Thread 0x00007fc48829a800 Uncommon trap: reason=unstable_if action=reinterpret pc=0x00007fc479eac968 method=org.fxmisc.richtext.model.TwoLevelNavigator$Pos.offsetBy(ILorg/fxmisc/richtext/model/TwoDimensional$Bias;)Lorg/fxmisc/richtext/model/TwoDimensional$Position; @ 27
Event: 89.841 Thread 0x00007fc48829a800 Uncommon trap: reason=unstable_if action=reinterpret pc=0x00007fc479fd27e4 method=javafx.scene.Node.impl_intersectsBounds(Lcom/sun/javafx/geom/PickRay;)D @ 902
Event: 102.760 Thread 0x00007fc48829a800 Uncommon trap: reason=predicate action=maybe_recompile pc=0x00007fc47a20e418 method=java.util.AbstractCollection.toArray([Ljava/lang/Object;)[Ljava/lang/Object; @ 49
Event: 102.808 Thread 0x00007fc48829a800 Uncommon trap: reason=array_check action=maybe_recompile pc=0x00007fc47a220f80 method=java.util.AbstractCollection.toArray([Ljava/lang/Object;)[Ljava/lang/Object; @ 119
Event: 102.808 Thread 0x00007fc48829a800 Uncommon trap: reason=array_check action=maybe_recompile pc=0x00007fc47a220f80 method=java.util.AbstractCollection.toArray([Ljava/lang/Object;)[Ljava/lang/Object; @ 119
Event: 102.809 Thread 0x00007fc48829a800 Uncommon trap: reason=array_check action=maybe_recompile pc=0x00007fc47a220f80 method=java.util.AbstractCollection.toArray([Ljava/lang/Object;)[Ljava/lang/Object; @ 119
Event: 102.809 Thread 0x00007fc48829a800 Uncommon trap: reason=array_check action=maybe_recompile pc=0x00007fc47a220f80 method=java.util.AbstractCollection.toArray([Ljava/lang/Object;)[Ljava/lang/Object; @ 119

Internal exceptions (10 events):
Event: 18.909 Thread 0x00007fc42c49a800 Exception <a 'java/lang/InterruptedException'> (0x00000000f5ff3a40) thrown at [/HUDSON/workspace/8-2-build-linux-amd64/jdk8u66/4988/hotspot/src/share/vm/runtime/objectMonitor.cpp, line 1683]
Event: 19.082 Thread 0x00007fc42c49a800 Exception <a 'java/lang/InterruptedException'> (0x00000000f5ff4538) thrown at [/HUDSON/workspace/8-2-build-linux-amd64/jdk8u66/4988/hotspot/src/share/vm/runtime/objectMonitor.cpp, line 1683]
Event: 19.302 Thread 0x00007fc42c49a800 Exception <a 'java/lang/InterruptedException'> (0x00000000f5ff5030) thrown at [/HUDSON/workspace/8-2-build-linux-amd64/jdk8u66/4988/hotspot/src/share/vm/runtime/objectMonitor.cpp, line 1683]
Event: 19.467 Thread 0x00007fc42c49a800 Exception <a 'java/lang/InterruptedException'> (0x00000000f5ff5b20) thrown at [/HUDSON/workspace/8-2-build-linux-amd64/jdk8u66/4988/hotspot/src/share/vm/runtime/objectMonitor.cpp, line 1683]
Event: 19.971 Thread 0x00007fc42c49a800 Exception <a 'java/lang/InterruptedException'> (0x00000000f5ff65c8) thrown at [/HUDSON/workspace/8-2-build-linux-amd64/jdk8u66/4988/hotspot/src/share/vm/runtime/objectMonitor.cpp, line 1683]
Event: 20.000 Thread 0x00007fc42c49a800 Exception <a 'java/lang/InterruptedException'> (0x00000000f5ff7070) thrown at [/HUDSON/workspace/8-2-build-linux-amd64/jdk8u66/4988/hotspot/src/share/vm/runtime/objectMonitor.cpp, line 1683]
Event: 20.027 Thread 0x00007fc42c49a800 Exception <a 'java/lang/InterruptedException'> (0x00000000f5ff7b18) thrown at [/HUDSON/workspace/8-2-build-linux-amd64/jdk8u66/4988/hotspot/src/share/vm/runtime/objectMonitor.cpp, line 1683]
Event: 36.744 Thread 0x00007fc42c49a800 Exception <a 'java/lang/InterruptedException'> (0x00000000f601e848) thrown at [/HUDSON/workspace/8-2-build-linux-amd64/jdk8u66/4988/hotspot/src/share/vm/runtime/objectMonitor.cpp, line 1683]
Event: 54.729 Thread 0x00007fc42c49a800 Exception <a 'java/lang/InterruptedException'> (0x00000000f9e8ac18) thrown at [/HUDSON/workspace/8-2-build-linux-amd64/jdk8u66/4988/hotspot/src/share/vm/runtime/objectMonitor.cpp, line 1683]
Event: 62.525 Thread 0x00007fc42c49a800 Exception <a 'java/lang/InterruptedException'> (0x00000000f7ccb090) thrown at [/HUDSON/workspace/8-2-build-linux-amd64/jdk8u66/4988/hotspot/src/share/vm/runtime/objectMonitor.cpp, line 1683]

Events (10 events):
Event: 103.139 Thread 0x00007fc4880b7000 flushing nmethod 0x00007fc479859710
Event: 103.139 Thread 0x00007fc4880b7000 flushing nmethod 0x00007fc479859a50
Event: 103.139 Thread 0x00007fc4880b7000 flushing nmethod 0x00007fc47985ec50
Event: 103.139 Thread 0x00007fc4880b7000 flushing nmethod 0x00007fc47985fc10
Event: 103.139 Thread 0x00007fc4880b7000 flushing nmethod 0x00007fc47985ff50
Event: 103.764 Thread 0x00007fc48829a800 DEOPT PACKING pc=0x00007fc479f01351 sp=0x00007fc43aed4ae0
Event: 103.765 Thread 0x00007fc48829a800 DEOPT UNPACKING pc=0x00007fc479047233 sp=0x00007fc43aed4940 mode 0
Event: 103.833 Thread 0x00007fc48829a800 DEOPT PACKING pc=0x00007fc479e8e0ec sp=0x00007fc43aed3e80
Event: 103.833 Thread 0x00007fc48829a800 DEOPT UNPACKING pc=0x00007fc479047233 sp=0x00007fc43aed3c10 mode 0
Event: 103.948 Executing VM operation: ParallelGCFailedAllocation


Dynamic libraries:
00400000-00401000 r-xp 00000000 08:08 2792303                            /usr/lib/jvm/jdk1.8.0_66/bin/java
00600000-00601000 rw-p 00000000 08:08 2792303                            /usr/lib/jvm/jdk1.8.0_66/bin/java
00c93000-00cb4000 rw-p 00000000 00:00 0                                  [heap]
e0a00000-e6e80000 rw-p 00000000 00:00 0 
e9c80000-f5900000 ---p 00000000 00:00 0 
f5900000-100000000 rw-p 00000000 00:00 0 
100000000-1003a0000 rw-p 00000000 00:00 0 
1003a0000-140000000 ---p 00000000 00:00 0 
7fc429df8000-7fc429ef8000 rw-s 114dc8000 00:06 8888                      /dev/dri/card0
7fc429ff8000-7fc42affc000 r--p 00000000 08:08 2098011                    /usr/share/fonts/truetype/wqy/wqy-zenhei.ttc
7fc42affc000-7fc42c000000 r--p 00000000 08:08 2098011                    /usr/share/fonts/truetype/wqy/wqy-zenhei.ttc
7fc42c000000-7fc42c636000 rw-p 00000000 00:00 0 
7fc42c636000-7fc430000000 ---p 00000000 00:00 0 
7fc430000000-7fc430066000 rw-p 00000000 00:00 0 
7fc430066000-7fc434000000 ---p 00000000 00:00 0 
7fc434000000-7fc434021000 rw-p 00000000 00:00 0 
7fc434021000-7fc438000000 ---p 00000000 00:00 0 
7fc43801f000-7fc43811f000 rw-s 12108c000 00:06 8888                      /dev/dri/card0
7fc43811f000-7fc43831f000 rw-p 00000000 00:00 0 
7fc43831f000-7fc43833b000 r--s 00393000 08:08 9850                       /usr/lib/jvm/jdk1.8.0_66/jre/lib/ext/cldrdata.jar
7fc43833d000-7fc438340000 ---p 00000000 00:00 0 
7fc438340000-7fc43843e000 rw-p 00000000 00:00 0 
7fc43843e000-7fc43844e000 rw-s 115498000 00:06 8888                      /dev/dri/card0
7fc438460000-7fc438560000 rw-s 1224e7000 00:06 8888                      /dev/dri/card0
7fc438560000-7fc438561000 rw-s 121085000 00:06 8888                      /dev/dri/card0
7fc438561000-7fc438562000 rw-s 11d4e0000 00:06 8888                      /dev/dri/card0
7fc438562000-7fc438563000 rw-s 115145000 00:06 8888                      /dev/dri/card0
7fc438564000-7fc438565000 rw-s 11fe8a000 00:06 8888                      /dev/dri/card0
7fc438565000-7fc438566000 rw-s 115031000 00:06 8888                      /dev/dri/card0
7fc438639000-7fc43863a000 rw-s 1225e9000 00:06 8888                      /dev/dri/card0
7fc43863a000-7fc43863f000 rw-s 1224e2000 00:06 8888                      /dev/dri/card0
7fc43863f000-7fc438642000 rw-s 1224df000 00:06 8888                      /dev/dri/card0
7fc438642000-7fc438645000 rw-s 1224dc000 00:06 8888                      /dev/dri/card0
7fc438645000-7fc438648000 rw-s 1224d9000 00:06 8888                      /dev/dri/card0
7fc438648000-7fc43864b000 rw-s 1224d6000 00:06 8888                      /dev/dri/card0
7fc43864b000-7fc43865b000 rw-s 12118c000 00:06 8888                      /dev/dri/card0
7fc43865b000-7fc43865c000 rw-s 1225e8000 00:06 8888                      /dev/dri/card0
7fc43865c000-7fc43865d000 rw-s 1225e7000 00:06 8888                      /dev/dri/card0
7fc43865d000-7fc438662000 rw-s 1224d1000 00:06 8888                      /dev/dri/card0
7fc438662000-7fc438665000 rw-s 1224ce000 00:06 8888                      /dev/dri/card0
7fc438665000-7fc438666000 rw-s 1224cd000 00:06 8888                      /dev/dri/card0
7fc438666000-7fc438866000 rw-p 00000000 00:00 0 
7fc438866000-7fc438878000 r--s 00345000 08:08 9832                       /usr/lib/jvm/jdk1.8.0_66/jre/lib/resources.jar
7fc438878000-7fc43887b000 ---p 00000000 00:00 0 
7fc43887b000-7fc438979000 rw-p 00000000 00:00 0 
7fc438979000-7fc43997d000 r--p 00000000 08:08 2098011                    /usr/share/fonts/truetype/wqy/wqy-zenhei.ttc
7fc43997d000-7fc4399b7000 r--p 00000000 08:08 9732                       /usr/lib/jvm/jdk1.8.0_66/jre/lib/fonts/LucidaTypewriterBold.ttf
7fc4399b7000-7fc439a62000 r--p 00000000 08:08 9711                       /usr/lib/jvm/jdk1.8.0_66/jre/lib/fonts/LucidaSansRegular.ttf
7fc439a62000-7fc439a76000 r--p 00000000 08:08 9710                       /usr/lib/jvm/jdk1.8.0_66/jre/lib/fonts/LucidaBrightItalic.ttf
7fc439a76000-7fc439a89000 r--p 00000000 08:08 9733                       /usr/lib/jvm/jdk1.8.0_66/jre/lib/fonts/LucidaBrightDemiBold.ttf
7fc439a89000-7fc439a9c000 r--p 00000000 08:08 9720                       /usr/lib/jvm/jdk1.8.0_66/jre/lib/fonts/LucidaBrightDemiItalic.ttf
7fc439a9c000-7fc439ad8000 r--p 00000000 08:08 9725                       /usr/lib/jvm/jdk1.8.0_66/jre/lib/fonts/LucidaTypewriterRegular.ttf
7fc439ad8000-7fc439b26000 r--p 00000000 08:08 9713                       /usr/lib/jvm/jdk1.8.0_66/jre/lib/fonts/LucidaSansDemiBold.ttf
7fc439b26000-7fc439b7b000 r--p 00000000 08:08 9712                       /usr/lib/jvm/jdk1.8.0_66/jre/lib/fonts/LucidaBrightRegular.ttf
7fc439b7b000-7fc439b7f000 r-xp 00000000 08:08 142403                     /usr/lib/jvm/jdk1.8.0_66/jre/lib/amd64/libjavafx_font_pango.so
7fc439b7f000-7fc439d7e000 ---p 00004000 08:08 142403                     /usr/lib/jvm/jdk1.8.0_66/jre/lib/amd64/libjavafx_font_pango.so
7fc439d7e000-7fc439d7f000 rw-p 00003000 08:08 142403                     /usr/lib/jvm/jdk1.8.0_66/jre/lib/amd64/libjavafx_font_pango.so
7fc439d7f000-7fc439f7f000 rw-p 00000000 00:00 0 
7fc439f7f000-7fc439f84000 r--s 00096000 08:08 9846                       /usr/lib/jvm/jdk1.8.0_66/jre/lib/jsse.jar
7fc439f84000-7fc439f89000 r--s 00083000 08:08 9698                       /usr/lib/jvm/jdk1.8.0_66/jre/lib/jfr.jar
7fc439f89000-7fc43a189000 rw-p 00000000 00:00 0 
7fc43a189000-7fc43a190000 r--s 00000000 08:08 395859                     /var/cache/fontconfig/4be9850f182b35c1350b6bbf2e42601c-le64.cache-4
7fc43a190000-7fc43a192000 r--s 00000000 08:08 400029                     /var/cache/fontconfig/30a99c4256905863f7aa12b5e873c27c-le64.cache-4
7fc43a192000-7fc43a193000 r--s 00000000 08:08 400015                     /var/cache/fontconfig/087e1975ba9a574b140bb1df193bf770-le64.cache-4
7fc43a193000-7fc43a199000 r--s 00000000 08:08 396870                     /var/cache/fontconfig/6fe8b0d39a161d19087fe931545dda13-le64.cache-4
7fc43a199000-7fc43a19d000 r--s 00000000 08:08 398101                     /var/cache/fontconfig/6aa41aa22e18b8fa06a12da28ea9c28b-le64.cache-4
7fc43a19d000-7fc43a19e000 r--s 00000000 08:08 399685                     /var/cache/fontconfig/c05880de57d1f5e948fdfacc138775d9-le64.cache-4
7fc43a19e000-7fc43a1a9000 r--s 00000000 08:08 396819                     /var/cache/fontconfig/945677eb7aeaf62f1d50efc3fb3ec7d8-le64.cache-4
7fc43a1a9000-7fc43a1ae000 r--s 00000000 08:08 399654                     /var/cache/fontconfig/99e8ed0e538f840c565b6ed5dad60d56-le64.cache-4
7fc43a1ae000-7fc43a1b5000 r--s 00000000 08:08 399651                     /var/cache/fontconfig/63c7aca0c1b0a3f740ee470c2e28e675-le64.cache-4
7fc43a1b5000-7fc43a1be000 r--s 00000000 08:08 399646                     /var/cache/fontconfig/a6d8cf8e4ec09cdbc8633c31745a07dd-le64.cache-4
7fc43a1be000-7fc43a1c9000 r--s 00000000 08:08 399632                     /var/cache/fontconfig/6d41288fd70b0be22e8c3a91e032eec0-le64.cache-4
7fc43a1c9000-7fc43a1cd000 r--s 00000000 08:08 399482                     /var/cache/fontconfig/de156ccd2eddbdc19d37a45b8b2aac9c-le64.cache-4
7fc43a1cd000-7fc43a1ce000 r--s 00000000 08:08 399460                     /var/cache/fontconfig/9c956a7723ca69a44b382d9179c9802f-le64.cache-4
7fc43a1ce000-7fc43a1d0000 r--s 00000000 08:08 399384                     /var/cache/fontconfig/767a8244fc0220cfb567a839d0392e0b-le64.cache-4
7fc43a1d0000-7fc43a1d1000 r--s 00000000 08:08 399343                     /var/cache/fontconfig/4794a0821666d79190d59a36cb4f44b5-le64.cache-4
7fc43a1d1000-7fc43a1d2000 r--s 00000000 08:08 399341                     /var/cache/fontconfig/9eae20f1ff8cc0a7d125749e875856bd-le64.cache-4
7fc43a1d2000-7fc43a1fa000 r--s 00000000 08:08 399322                     /var/cache/fontconfig/0bd3dc0958fa2205aaaa8ebb13e2872b-le64.cache-4
7fc43a1fa000-7fc43a1fc000 r--s 00000000 08:08 399303                     /var/cache/fontconfig/bf2c1853a9e9b00bb02fe2e9bcf1e201-le64.cache-4
7fc43a1fc000-7fc43a200000 r--s 00000000 08:08 399298                     /var/cache/fontconfig/c57959a16110560c8d0fcea73374aeeb-le64.cache-4
7fc43a200000-7fc43a206000 r--s 00000000 08:08 399256                     /var/cache/fontconfig/3047814df9a2f067bd2d96a2b9c36e5a-le64.cache-4
7fc43a206000-7fc43a20e000 r--s 00000000 08:08 399180                     /var/cache/fontconfig/bf3b770c553c462765856025a94f1ce6-le64.cache-4
7fc43a20e000-7fc43a211000 r--s 00000000 08:08 399179                     /var/cache/fontconfig/14d493b97896515cad3840ba4896e372-le64.cache-4
7fc43a211000-7fc43a219000 r--s 00000000 08:08 399119                     /var/cache/fontconfig/ce677e824a231659fde4a3a246a10ea3-le64.cache-4
7fc43a219000-7fc43a21a000 r--s 00000000 08:08 398876                     /var/cache/fontconfig/89034621ae2a8922916bb6bfa5799546-le64.cache-4
7fc43a21a000-7fc43a21d000 r--s 00000000 08:08 398745                     /var/cache/fontconfig/e49e89034d371f0f9de17aab02136486-le64.cache-4
7fc43a21d000-7fc43a21f000 r--s 00000000 08:08 398736                     /var/cache/fontconfig/4b14b093aebc79c320de5e86ae1d3314-le64.cache-4
7fc43a21f000-7fc43a232000 r--s 00000000 08:08 398735                     /var/cache/fontconfig/d52a8644073d54c13679302ca1180695-le64.cache-4
7fc43a232000-7fc43a233000 r--s 00000000 08:08 398685                     /var/cache/fontconfig/8a687c406b77f27d99abfeeba937fcce-le64.cache-4
7fc43a233000-7fc43a239000 r--s 00000000 08:08 398652                     /var/cache/fontconfig/75ad6aa2358a85f0de2c8ee4837e8227-le64.cache-4
7fc43a239000-7fc43a243000 r--s 00000000 08:08 398646                     /var/cache/fontconfig/3f7329c5293ffd510edef78f73874cfd-le64.cache-4
7fc43a243000-7fc43a245000 r--s 00000000 08:08 398638                     /var/cache/fontconfig/65f976e5259cbe6dc7697b8648396239-le64.cache-4
7fc43a245000-7fc43a251000 r--s 00000000 08:08 398624                     /var/cache/fontconfig/d589a48862398ed80a3d6066f4f56f4c-le64.cache-4
7fc43a251000-7fc43a255000 r--s 00000000 08:08 398622                     /var/cache/fontconfig/246184dc75a16901ca37d96895904249-le64.cache-4
7fc43a255000-7fc43a25a000 r--s 00000000 08:08 398619                     /var/cache/fontconfig/b25010134a2e462c779c1c1d5ccbff7b-le64.cache-4
7fc43a25a000-7fc43a25b000 r--s 00000000 08:08 398577                     /var/cache/fontconfig/94f7fe9bd33aadfac165873bd010d595-le64.cache-4
7fc43a25b000-7fc43a25d000 r--s 00000000 08:08 398552                     /var/cache/fontconfig/423767150eb258c59035de29db6fca84-le64.cache-4
7fc43a25d000-7fc43a261000 r--s 00000000 08:08 398392                     /var/cache/fontconfig/6386b86020ecc1ef9690bb720a13964f-le64.cache-4
7fc43a261000-7fc43a263000 r--s 00000000 08:08 398352                     /var/cache/fontconfig/67709b7835c0f764c1135060c9575660-le64.cache-4
7fc43a263000-7fc43a265000 r--s 00000000 08:08 398351                     /var/cache/fontconfig/099525ddca5eae4f2477b69cf2d7f16d-le64.cache-4
7fc43a265000-7fc43a267000 r--s 00000000 08:08 398350                     /var/cache/fontconfig/61092ac79d9058a69eda095afa0a78f1-le64.cache-4
7fc43a267000-7fc43a269000 r--s 00000000 08:08 398349                     /var/cache/fontconfig/a722efc6911bbe16667b1a77497ffd37-le64.cache-4
7fc43a269000-7fc43a26b000 r--s 00000000 08:08 398341                     /var/cache/fontconfig/d63fdd8e0f42559533dd777c334fdfcc-le64.cache-4
7fc43a26b000-7fc43a278000 r--s 00000000 08:08 398288                     /var/cache/fontconfig/089dead882dea3570ffc31a9898cfb69-le64.cache-4
7fc43a278000-7fc43a285000 r--s 00000000 08:08 398277                     /var/cache/fontconfig/198d8fcf01c96d0cf813f74fd759bdb7-le64.cache-4
7fc43a285000-7fc43a288000 r--s 00000000 08:08 398222                     /var/cache/fontconfig/75114ca45c98e8a441da0ff356701271-le64.cache-4
7fc43a288000-7fc43a293000 r--s 00000000 08:08 398188                     /var/cache/fontconfig/83bf95040141907cd45bb53cf7c1c148-le64.cache-4
7fc43a293000-7fc43a295000 r--s 00000000 08:08 398187                     /var/cache/fontconfig/6e6b34ae150a7ad95e82fb4a522f0bda-le64.cache-4
7fc43a295000-7fc43a29c000 r--s 00000000 08:08 398173                     /var/cache/fontconfig/53d14c92082a93e67d5078324eb314ca-le64.cache-4
7fc43a29c000-7fc43a2a0000 r--s 00000000 08:08 398172                     /var/cache/fontconfig/6c08beecf0dac481ec92e759e0c2e6d7-le64.cache-4
7fc43a2a0000-7fc43a2b3000 r--s 00000000 08:08 398127                     /var/cache/fontconfig/4ac51e5cfbc76fc3f983e470323a16d3-le64.cache-4
7fc43a2b3000-7fc43a2cf000 r--s 00000000 08:08 395731                     /var/cache/fontconfig/cabbd14511b9e8a55e92af97fb3a0461-le64.cache-4
7fc43a2cf000-7fc43a2d4000 r-xp 00000000 08:08 142409                     /usr/lib/jvm/jdk1.8.0_66/jre/lib/amd64/libjavafx_font_freetype.so
7fc43a2d4000-7fc43a4d3000 ---p 00005000 08:08 142409                     /usr/lib/jvm/jdk1.8.0_66/jre/lib/amd64/libjavafx_font_freetype.so
7fc43a4d3000-7fc43a4d4000 rw-p 00004000 08:08 142409                     /usr/lib/jvm/jdk1.8.0_66/jre/lib/amd64/libjavafx_font_freetype.so
7fc43a4d4000-7fc43a4d7000 r-xp 00000000 08:08 143586                     /usr/lib/jvm/jdk1.8.0_66/jre/lib/amd64/libjavafx_font.so
7fc43a4d7000-7fc43a6d6000 ---p 00003000 08:08 143586                     /usr/lib/jvm/jdk1.8.0_66/jre/lib/amd64/libjavafx_font.so
7fc43a6d6000-7fc43a6d7000 rw-p 00002000 08:08 143586                     /usr/lib/jvm/jdk1.8.0_66/jre/lib/amd64/libjavafx_font.so
7fc43a6d7000-7fc43a8d7000 rw-p 00000000 00:00 0 
7fc43a8d7000-7fc43aad7000 rw-p 00000000 00:00 0 
7fc43aad7000-7fc43acd7000 rw-p 00000000 00:00 0 
7fc43acd7000-7fc43acda000 ---p 00000000 00:00 0 
7fc43acda000-7fc43add8000 rw-p 00000000 00:00 0 
7fc43add8000-7fc43addb000 ---p 00000000 00:00 0 
7fc43addb000-7fc43aed9000 rw-p 00000000 00:00 0 
7fc43aed9000-7fc43aedc000 ---p 00000000 00:00 0 
7fc43aedc000-7fc43afda000 rw-p 00000000 00:00 0 
7fc43afda000-7fc43afe1000 r-xp 00000000 08:08 1319878                    /usr/lib/x86_64-linux-gnu/libogg.so.0.8.2
7fc43afe1000-7fc43b1e1000 ---p 00007000 08:08 1319878                    /usr/lib/x86_64-linux-gnu/libogg.so.0.8.2
7fc43b1e1000-7fc43b1e2000 r--p 00007000 08:08 1319878                    /usr/lib/x86_64-linux-gnu/libogg.so.0.8.2
7fc43b1e2000-7fc43b1e3000 rw-p 00008000 08:08 1319878                    /usr/lib/x86_64-linux-gnu/libogg.so.0.8.2
7fc43b1e3000-7fc43b20e000 r-xp 00000000 08:08 1318467                    /usr/lib/x86_64-linux-gnu/libvorbis.so.0.4.8
7fc43b20e000-7fc43b40d000 ---p 0002b000 08:08 1318467                    /usr/lib/x86_64-linux-gnu/libvorbis.so.0.4.8
7fc43b40d000-7fc43b40e000 r--p 0002a000 08:08 1318467                    /usr/lib/x86_64-linux-gnu/libvorbis.so.0.4.8
7fc43b40e000-7fc43b40f000 rw-p 0002b000 08:08 1318467                    /usr/lib/x86_64-linux-gnu/libvorbis.so.0.4.8
7fc43b40f000-7fc43b418000 r-xp 00000000 08:08 1327511                    /usr/lib/x86_64-linux-gnu/libltdl.so.7.3.1
7fc43b418000-7fc43b617000 ---p 00009000 08:08 1327511                    /usr/lib/x86_64-linux-gnu/libltdl.so.7.3.1
7fc43b617000-7fc43b618000 r--p 00008000 08:08 1327511                    /usr/lib/x86_64-linux-gnu/libltdl.so.7.3.1
7fc43b618000-7fc43b619000 rw-p 00009000 08:08 1327511                    /usr/lib/x86_64-linux-gnu/libltdl.so.7.3.1
7fc43b619000-7fc43b62e000 r-xp 00000000 08:08 1321605                    /usr/lib/x86_64-linux-gnu/libtdb.so.1.3.11
7fc43b62e000-7fc43b82d000 ---p 00015000 08:08 1321605                    /usr/lib/x86_64-linux-gnu/libtdb.so.1.3.11
7fc43b82d000-7fc43b82e000 r--p 00014000 08:08 1321605                    /usr/lib/x86_64-linux-gnu/libtdb.so.1.3.11
7fc43b82e000-7fc43b82f000 rw-p 00015000 08:08 1321605                    /usr/lib/x86_64-linux-gnu/libtdb.so.1.3.11
7fc43b82f000-7fc43b837000 r-xp 00000000 08:08 1318465                    /usr/lib/x86_64-linux-gnu/libvorbisfile.so.3.3.7
7fc43b837000-7fc43ba36000 ---p 00008000 08:08 1318465                    /usr/lib/x86_64-linux-gnu/libvorbisfile.so.3.3.7
7fc43ba36000-7fc43ba37000 r--p 00007000 08:08 1318465                    /usr/lib/x86_64-linux-gnu/libvorbisfile.so.3.3.7
7fc43ba37000-7fc43ba38000 rw-p 00008000 08:08 1318465                    /usr/lib/x86_64-linux-gnu/libvorbisfile.so.3.3.7
7fc43ba38000-7fc43ba49000 r-xp 00000000 08:08 1321374                    /usr/lib/x86_64-linux-gnu/libcanberra.so.0.2.5
7fc43ba49000-7fc43bc48000 ---p 00011000 08:08 1321374                    /usr/lib/x86_64-linux-gnu/libcanberra.so.0.2.5
7fc43bc48000-7fc43bc49000 r--p 00010000 08:08 1321374                    /usr/lib/x86_64-linux-gnu/libcanberra.so.0.2.5
7fc43bc49000-7fc43bc4a000 rw-p 00011000 08:08 1321374                    /usr/lib/x86_64-linux-gnu/libcanberra.so.0.2.5
7fc43bc4a000-7fc43bc4e000 r-xp 00000000 08:08 1322444                    /usr/lib/x86_64-linux-gnu/libcanberra-gtk.so.0.1.9
7fc43bc4e000-7fc43be4d000 ---p 00004000 08:08 1322444                    /usr/lib/x86_64-linux-gnu/libcanberra-gtk.so.0.1.9
7fc43be4d000-7fc43be4e000 r--p 00003000 08:08 1322444                    /usr/lib/x86_64-linux-gnu/libcanberra-gtk.so.0.1.9
7fc43be4e000-7fc43be4f000 rw-p 00004000 08:08 1322444                    /usr/lib/x86_64-linux-gnu/libcanberra-gtk.so.0.1.9
7fc43be4f000-7fc43be54000 r-xp 00000000 08:08 1319313                    /usr/lib/x86_64-linux-gnu/gtk-2.0/modules/libcanberra-gtk-module.so
7fc43be54000-7fc43c053000 ---p 00005000 08:08 1319313                    /usr/lib/x86_64-linux-gnu/gtk-2.0/modules/libcanberra-gtk-module.so
7fc43c053000-7fc43c054000 r--p 00004000 08:08 1319313                    /usr/lib/x86_64-linux-gnu/gtk-2.0/modules/libcanberra-gtk-module.so
7fc43c054000-7fc43c055000 rw-p 00005000 08:08 1319313                    /usr/lib/x86_64-linux-gnu/gtk-2.0/modules/libcanberra-gtk-module.so
7fc43c055000-7fc43c05f000 r-xp 00000000 08:08 1444950                    /usr/lib/x86_64-linux-gnu/gtk-2.0/2.10.0/engines/libpixmap.so
7fc43c05f000-7fc43c25e000 ---p 0000a000 08:08 1444950                    /usr/lib/x86_64-linux-gnu/gtk-2.0/2.10.0/engines/libpixmap.so
7fc43c25e000-7fc43c25f000 r--p 00009000 08:08 1444950                    /usr/lib/x86_64-linux-gnu/gtk-2.0/2.10.0/engines/libpixmap.so
7fc43c25f000-7fc43c260000 rw-p 0000a000 08:08 1444950                    /usr/lib/x86_64-linux-gnu/gtk-2.0/2.10.0/engines/libpixmap.so
7fc43c260000-7fc43c262000 r-xp 00000000 08:08 1442147                    /usr/lib/x86_64-linux-gnu/gtk-2.0/2.10.0/engines/libadwaita.so
7fc43c262000-7fc43c462000 ---p 00002000 08:08 1442147                    /usr/lib/x86_64-linux-gnu/gtk-2.0/2.10.0/engines/libadwaita.so
7fc43c462000-7fc43c463000 r--p 00002000 08:08 1442147                    /usr/lib/x86_64-linux-gnu/gtk-2.0/2.10.0/engines/libadwaita.so
7fc43c463000-7fc43c464000 rw-p 00003000 08:08 1442147                    /usr/lib/x86_64-linux-gnu/gtk-2.0/2.10.0/engines/libadwaita.so
7fc43c464000-7fc43c48d000 r-xp 00000000 08:08 143562                     /usr/lib/jvm/jdk1.8.0_66/jre/lib/amd64/libglass.so
7fc43c48d000-7fc43c68c000 ---p 00029000 08:08 143562                     /usr/lib/jvm/jdk1.8.0_66/jre/lib/amd64/libglass.so
7fc43c68c000-7fc43c68f000 rw-p 00028000 08:08 143562                     /usr/lib/jvm/jdk1.8.0_66/jre/lib/amd64/libglass.so
7fc43c68f000-7fc43c6c6000 r-xp 00000000 08:08 1324704                    /usr/lib/x86_64-linux-gnu/libtxc_dxtn_s2tc.so.0.0.0
7fc43c6c6000-7fc43c8c5000 ---p 00037000 08:08 1324704                    /usr/lib/x86_64-linux-gnu/libtxc_dxtn_s2tc.so.0.0.0
7fc43c8c5000-7fc43c8c6000 r--p 00036000 08:08 1324704                    /usr/lib/x86_64-linux-gnu/libtxc_dxtn_s2tc.so.0.0.0
7fc43c8c6000-7fc43c8c7000 rw-p 00037000 08:08 1324704                    /usr/lib/x86_64-linux-gnu/libtxc_dxtn_s2tc.so.0.0.0
7fc43c8c7000-7fc43c8c8000 ---p 00000000 00:00 0 
7fc43c8c8000-7fc43d0c8000 rw-p 00000000 00:00 0 
7fc43d0c8000-7fc43d0e9000 r-xp 00000000 08:08 2490727                    /lib/x86_64-linux-gnu/libncurses.so.5.9
7fc43d0e9000-7fc43d2e9000 ---p 00021000 08:08 2490727                    /lib/x86_64-linux-gnu/libncurses.so.5.9
7fc43d2e9000-7fc43d2ea000 r--p 00021000 08:08 2490727                    /lib/x86_64-linux-gnu/libncurses.so.5.9
7fc43d2ea000-7fc43d2eb000 rw-p 00022000 08:08 2490727                    /lib/x86_64-linux-gnu/libncurses.so.5.9
7fc43d2eb000-7fc43d310000 r-xp 00000000 08:08 2493567                    /lib/x86_64-linux-gnu/libtinfo.so.5.9
7fc43d310000-7fc43d510000 ---p 00025000 08:08 2493567                    /lib/x86_64-linux-gnu/libtinfo.so.5.9
7fc43d510000-7fc43d514000 r--p 00025000 08:08 2493567                    /lib/x86_64-linux-gnu/libtinfo.so.5.9
7fc43d514000-7fc43d515000 rw-p 00029000 08:08 2493567                    /lib/x86_64-linux-gnu/libtinfo.so.5.9
7fc43d515000-7fc43d546000 r-xp 00000000 08:08 1313596                    /usr/lib/x86_64-linux-gnu/libedit.so.2.0.55
7fc43d546000-7fc43d746000 ---p 00031000 08:08 1313596                    /usr/lib/x86_64-linux-gnu/libedit.so.2.0.55
7fc43d746000-7fc43d748000 r--p 00031000 08:08 1313596                    /usr/lib/x86_64-linux-gnu/libedit.so.2.0.55
7fc43d748000-7fc43d749000 rw-p 00033000 08:08 1313596                    /usr/lib/x86_64-linux-gnu/libedit.so.2.0.55
7fc43d749000-7fc43d74d000 rw-p 00000000 00:00 0 
7fc43d74d000-7fc43d760000 r-xp 00000000 08:08 2490866                    /lib/x86_64-linux-gnu/libgpg-error.so.0.21.0
7fc43d760000-7fc43d95f000 ---p 00013000 08:08 2490866                    /lib/x86_64-linux-gnu/libgpg-error.so.0.21.0
7fc43d95f000-7fc43d960000 r--p 00012000 08:08 2490866                    /lib/x86_64-linux-gnu/libgpg-error.so.0.21.0
7fc43d960000-7fc43d961000 rw-p 00013000 08:08 2490866                    /lib/x86_64-linux-gnu/libgpg-error.so.0.21.0
7fc43d961000-7fc440229000 r-xp 00000000 08:08 1318732                    /usr/lib/x86_64-linux-gnu/libLLVM-3.9.so.1
7fc440229000-7fc440518000 r--p 028c7000 08:08 1318732                    /usr/lib/x86_64-linux-gnu/libLLVM-3.9.so.1
7fc440518000-7fc44053d000 rw-p 02bb6000 08:08 1318732                    /usr/lib/x86_64-linux-gnu/libLLVM-3.9.so.1
7fc44053d000-7fc440581000 rw-p 00000000 00:00 0 
7fc440581000-7fc440598000 r-xp 00000000 08:08 1311512                    /usr/lib/x86_64-linux-gnu/libelf-0.168.so
7fc440598000-7fc440797000 ---p 00017000 08:08 1311512                    /usr/lib/x86_64-linux-gnu/libelf-0.168.so
7fc440797000-7fc440798000 r--p 00016000 08:08 1311512                    /usr/lib/x86_64-linux-gnu/libelf-0.168.so
7fc440798000-7fc440799000 rw-p 00017000 08:08 1311512                    /usr/lib/x86_64-linux-gnu/libelf-0.168.so
7fc440799000-7fc4407a2000 r-xp 00000000 08:08 1321469                    /usr/lib/x86_64-linux-gnu/libdrm_amdgpu.so.1.0.0
7fc4407a2000-7fc4409a1000 ---p 00009000 08:08 1321469                    /usr/lib/x86_64-linux-gnu/libdrm_amdgpu.so.1.0.0
7fc4409a1000-7fc4409a2000 r--p 00008000 08:08 1321469                    /usr/lib/x86_64-linux-gnu/libdrm_amdgpu.so.1.0.0
7fc4409a2000-7fc4409a3000 rw-p 00009000 08:08 1321469                    /usr/lib/x86_64-linux-gnu/libdrm_amdgpu.so.1.0.0
7fc4409a3000-7fc4409ae000 r-xp 00000000 08:08 1322679                    /usr/lib/x86_64-linux-gnu/libdrm_radeon.so.1.0.1
7fc4409ae000-7fc440bad000 ---p 0000b000 08:08 1322679                    /usr/lib/x86_64-linux-gnu/libdrm_radeon.so.1.0.1
7fc440bad000-7fc440bae000 r--p 0000a000 08:08 1322679                    /usr/lib/x86_64-linux-gnu/libdrm_radeon.so.1.0.1
7fc440bae000-7fc440baf000 rw-p 0000b000 08:08 1322679                    /usr/lib/x86_64-linux-gnu/libdrm_radeon.so.1.0.1
7fc440baf000-7fc440bb6000 r-xp 00000000 08:08 1322677                    /usr/lib/x86_64-linux-gnu/libdrm_nouveau.so.2.0.0
7fc440bb6000-7fc440db5000 ---p 00007000 08:08 1322677                    /usr/lib/x86_64-linux-gnu/libdrm_nouveau.so.2.0.0
7fc440db5000-7fc440db6000 r--p 00006000 08:08 1322677                    /usr/lib/x86_64-linux-gnu/libdrm_nouveau.so.2.0.0
7fc440db6000-7fc440db7000 rw-p 00007000 08:08 1322677                    /usr/lib/x86_64-linux-gnu/libdrm_nouveau.so.2.0.0
7fc440db7000-7fc440dc5000 r-xp 00000000 08:08 1323871                    /usr/lib/x86_64-linux-gnu/libsensors.so.4.4.0
7fc440dc5000-7fc440fc4000 ---p 0000e000 08:08 1323871                    /usr/lib/x86_64-linux-gnu/libsensors.so.4.4.0
7fc440fc4000-7fc440fc5000 r--p 0000d000 08:08 1323871                    /usr/lib/x86_64-linux-gnu/libsensors.so.4.4.0
7fc440fc5000-7fc440fc6000 rw-p 0000e000 08:08 1323871                    /usr/lib/x86_64-linux-gnu/libsensors.so.4.4.0
7fc440fc6000-7fc4410cd000 r-xp 00000000 08:08 2490449                    /lib/x86_64-linux-gnu/libgcrypt.so.20.1.6
7fc4410cd000-7fc4412cc000 ---p 00107000 08:08 2490449                    /lib/x86_64-linux-gnu/libgcrypt.so.20.1.6
7fc4412cc000-7fc4412ce000 r--p 00106000 08:08 2490449                    /lib/x86_64-linux-gnu/libgcrypt.so.20.1.6
7fc4412ce000-7fc4412d5000 rw-p 00108000 08:08 2490449                    /lib/x86_64-linux-gnu/libgcrypt.so.20.1.6
7fc4412d5000-7fc441c11000 r-xp 00000000 08:08 1443801                    /usr/lib/x86_64-linux-gnu/dri/r600_dri.so
7fc441c11000-7fc441e10000 ---p 0093c000 08:08 1443801                    /usr/lib/x86_64-linux-gnu/dri/r600_dri.so
7fc441e10000-7fc441e4b000 r--p 0093b000 08:08 1443801                    /usr/lib/x86_64-linux-gnu/dri/r600_dri.so
7fc441e4b000-7fc441e57000 rw-p 00976000 08:08 1443801                    /usr/lib/x86_64-linux-gnu/dri/r600_dri.so
7fc441e57000-7fc44204e000 rw-p 00000000 00:00 0 
7fc44204e000-7fc442061000 r-xp 00000000 08:08 2490971                    /lib/x86_64-linux-gnu/libbsd.so.0.8.3
7fc442061000-7fc442261000 ---p 00013000 08:08 2490971                    /lib/x86_64-linux-gnu/libbsd.so.0.8.3
7fc442261000-7fc442262000 r--p 00013000 08:08 2490971                    /lib/x86_64-linux-gnu/libbsd.so.0.8.3
7fc442262000-7fc442263000 rw-p 00014000 08:08 2490971                    /lib/x86_64-linux-gnu/libbsd.so.0.8.3
7fc442263000-7fc442264000 rw-p 00000000 00:00 0 
7fc442264000-7fc442268000 r-xp 00000000 08:08 2490612                    /lib/x86_64-linux-gnu/libuuid.so.1.3.0
7fc442268000-7fc442467000 ---p 00004000 08:08 2490612                    /lib/x86_64-linux-gnu/libuuid.so.1.3.0
7fc442467000-7fc442468000 r--p 00003000 08:08 2490612                    /lib/x86_64-linux-gnu/libuuid.so.1.3.0
7fc442468000-7fc442469000 rw-p 00004000 08:08 2490612                    /lib/x86_64-linux-gnu/libuuid.so.1.3.0
7fc442469000-7fc442470000 r-xp 00000000 08:08 1319684                    /usr/lib/x86_64-linux-gnu/libdatrie.so.1.3.3
7fc442470000-7fc44266f000 ---p 00007000 08:08 1319684                    /usr/lib/x86_64-linux-gnu/libdatrie.so.1.3.3
7fc44266f000-7fc442670000 r--p 00006000 08:08 1319684                    /usr/lib/x86_64-linux-gnu/libdatrie.so.1.3.3
7fc442670000-7fc442671000 rw-p 00007000 08:08 1319684                    /usr/lib/x86_64-linux-gnu/libdatrie.so.1.3.3
7fc442671000-7fc442676000 r-xp 00000000 08:08 1316603                    /usr/lib/x86_64-linux-gnu/libXdmcp.so.6.0.0
7fc442676000-7fc442875000 ---p 00005000 08:08 1316603                    /usr/lib/x86_64-linux-gnu/libXdmcp.so.6.0.0
7fc442875000-7fc442876000 r--p 00004000 08:08 1316603                    /usr/lib/x86_64-linux-gnu/libXdmcp.so.6.0.0
7fc442876000-7fc442877000 rw-p 00005000 08:08 1316603                    /usr/lib/x86_64-linux-gnu/libXdmcp.so.6.0.0
7fc442877000-7fc44287a000 r-xp 00000000 08:08 1318626                    /usr/lib/x86_64-linux-gnu/libXau.so.6.0.0
7fc44287a000-7fc442a79000 ---p 00003000 08:08 1318626                    /usr/lib/x86_64-linux-gnu/libXau.so.6.0.0
7fc442a79000-7fc442a7a000 r--p 00002000 08:08 1318626                    /usr/lib/x86_64-linux-gnu/libXau.so.6.0.0
7fc442a7a000-7fc442a7b000 rw-p 00003000 08:08 1318626                    /usr/lib/x86_64-linux-gnu/libXau.so.6.0.0
7fc442a7b000-7fc442aa6000 r-xp 00000000 08:08 1311730                    /usr/lib/x86_64-linux-gnu/libgraphite2.so.3.0.1
7fc442aa6000-7fc442ca5000 ---p 0002b000 08:08 1311730                    /usr/lib/x86_64-linux-gnu/libgraphite2.so.3.0.1
7fc442ca5000-7fc442ca7000 r--p 0002a000 08:08 1311730                    /usr/lib/x86_64-linux-gnu/libgraphite2.so.3.0.1
7fc442ca7000-7fc442ca8000 rw-p 0002c000 08:08 1311730                    /usr/lib/x86_64-linux-gnu/libgraphite2.so.3.0.1
7fc442ca8000-7fc442ce9000 r-xp 00000000 08:08 2497266                    /lib/x86_64-linux-gnu/libblkid.so.1.1.0
7fc442ce9000-7fc442ee8000 ---p 00041000 08:08 2497266                    /lib/x86_64-linux-gnu/libblkid.so.1.1.0
7fc442ee8000-7fc442eec000 r--p 00040000 08:08 2497266                    /lib/x86_64-linux-gnu/libblkid.so.1.1.0
7fc442eec000-7fc442eed000 rw-p 00044000 08:08 2497266                    /lib/x86_64-linux-gnu/libblkid.so.1.1.0
7fc442eed000-7fc442eee000 rw-p 00000000 00:00 0 
7fc442eee000-7fc442efc000 r-xp 00000000 08:08 1322695                    /usr/lib/x86_64-linux-gnu/libdrm.so.2.4.0
7fc442efc000-7fc4430fc000 ---p 0000e000 08:08 1322695                    /usr/lib/x86_64-linux-gnu/libdrm.so.2.4.0
7fc4430fc000-7fc4430fd000 r--p 0000e000 08:08 1322695                    /usr/lib/x86_64-linux-gnu/libdrm.so.2.4.0
7fc4430fd000-7fc4430fe000 rw-p 0000f000 08:08 1322695                    /usr/lib/x86_64-linux-gnu/libdrm.so.2.4.0
7fc4430fe000-7fc443102000 r-xp 00000000 08:08 1330178                    /usr/lib/x86_64-linux-gnu/libxcb-dri2.so.0.0.0
7fc443102000-7fc443301000 ---p 00004000 08:08 1330178                    /usr/lib/x86_64-linux-gnu/libxcb-dri2.so.0.0.0
7fc443301000-7fc443302000 r--p 00003000 08:08 1330178                    /usr/lib/x86_64-linux-gnu/libxcb-dri2.so.0.0.0
7fc443302000-7fc443303000 rw-p 00004000 08:08 1330178                    /usr/lib/x86_64-linux-gnu/libxcb-dri2.so.0.0.0
7fc443303000-7fc44331b000 r-xp 00000000 08:08 1318814                    /usr/lib/x86_64-linux-gnu/libxcb-glx.so.0.0.0
7fc44331b000-7fc44351b000 ---p 00018000 08:08 1318814                    /usr/lib/x86_64-linux-gnu/libxcb-glx.so.0.0.0
7fc44351b000-7fc44351d000 r--p 00018000 08:08 1318814                    /usr/lib/x86_64-linux-gnu/libxcb-glx.so.0.0.0
7fc44351d000-7fc44351e000 rw-p 0001a000 08:08 1318814                    /usr/lib/x86_64-linux-gnu/libxcb-glx.so.0.0.0
7fc44351e000-7fc44351f000 r-xp 00000000 08:08 1318892                    /usr/lib/x86_64-linux-gnu/libX11-xcb.so.1.0.0
7fc44351f000-7fc44371e000 ---p 00001000 08:08 1318892                    /usr/lib/x86_64-linux-gnu/libX11-xcb.so.1.0.0
7fc44371e000-7fc44371f000 r--p 00000000 08:08 1318892                    /usr/lib/x86_64-linux-gnu/libX11-xcb.so.1.0.0
7fc44371f000-7fc443720000 rw-p 00001000 08:08 1318892                    /usr/lib/x86_64-linux-gnu/libX11-xcb.so.1.0.0
7fc443720000-7fc44374a000 r-xp 00000000 08:08 1321353                    /usr/lib/x86_64-linux-gnu/libglapi.so.0.0.0
7fc44374a000-7fc443949000 ---p 0002a000 08:08 1321353                    /usr/lib/x86_64-linux-gnu/libglapi.so.0.0.0
7fc443949000-7fc44394d000 r--p 00029000 08:08 1321353                    /usr/lib/x86_64-linux-gnu/libglapi.so.0.0.0
7fc44394d000-7fc44394e000 rw-p 0002d000 08:08 1321353                    /usr/lib/x86_64-linux-gnu/libglapi.so.0.0.0
7fc44394e000-7fc44394f000 rw-p 00000000 00:00 0 
7fc44394f000-7fc443950000 r-xp 00000000 08:08 1313543                    /usr/lib/x86_64-linux-gnu/libxshmfence.so.1.0.0
7fc443950000-7fc443b4f000 ---p 00001000 08:08 1313543                    /usr/lib/x86_64-linux-gnu/libxshmfence.so.1.0.0
7fc443b4f000-7fc443b50000 r--p 00000000 08:08 1313543                    /usr/lib/x86_64-linux-gnu/libxshmfence.so.1.0.0
7fc443b50000-7fc443b51000 rw-p 00001000 08:08 1313543                    /usr/lib/x86_64-linux-gnu/libxshmfence.so.1.0.0
7fc443b51000-7fc443b57000 r-xp 00000000 08:08 1313530                    /usr/lib/x86_64-linux-gnu/libxcb-sync.so.1.0.0
7fc443b57000-7fc443d56000 ---p 00006000 08:08 1313530                    /usr/lib/x86_64-linux-gnu/libxcb-sync.so.1.0.0
7fc443d56000-7fc443d57000 r--p 00005000 08:08 1313530                    /usr/lib/x86_64-linux-gnu/libxcb-sync.so.1.0.0
7fc443d57000-7fc443d58000 rw-p 00006000 08:08 1313530                    /usr/lib/x86_64-linux-gnu/libxcb-sync.so.1.0.0
7fc443d58000-7fc443d5a000 r-xp 00000000 08:08 1313516                    /usr/lib/x86_64-linux-gnu/libxcb-present.so.0.0.0
7fc443d5a000-7fc443f59000 ---p 00002000 08:08 1313516                    /usr/lib/x86_64-linux-gnu/libxcb-present.so.0.0.0
7fc443f59000-7fc443f5a000 r--p 00001000 08:08 1313516                    /usr/lib/x86_64-linux-gnu/libxcb-present.so.0.0.0
7fc443f5a000-7fc443f5b000 rw-p 00002000 08:08 1313516                    /usr/lib/x86_64-linux-gnu/libxcb-present.so.0.0.0
7fc443f5b000-7fc443f5d000 r-xp 00000000 08:08 1313514                    /usr/lib/x86_64-linux-gnu/libxcb-dri3.so.0.0.0
7fc443f5d000-7fc44415c000 ---p 00002000 08:08 1313514                    /usr/lib/x86_64-linux-gnu/libxcb-dri3.so.0.0.0
7fc44415c000-7fc44415d000 r--p 00001000 08:08 1313514                    /usr/lib/x86_64-linux-gnu/libxcb-dri3.so.0.0.0
7fc44415d000-7fc44415e000 rw-p 00002000 08:08 1313514                    /usr/lib/x86_64-linux-gnu/libxcb-dri3.so.0.0.0
7fc44415e000-7fc4441d0000 r-xp 00000000 08:08 2490395                    /lib/x86_64-linux-gnu/libpcre.so.3.13.3
7fc4441d0000-7fc4443cf000 ---p 00072000 08:08 2490395                    /lib/x86_64-linux-gnu/libpcre.so.3.13.3
7fc4443cf000-7fc4443d0000 r--p 00071000 08:08 2490395                    /lib/x86_64-linux-gnu/libpcre.so.3.13.3
7fc4443d0000-7fc4443d1000 rw-p 00072000 08:08 2490395                    /lib/x86_64-linux-gnu/libpcre.so.3.13.3
7fc4443d1000-7fc4443d8000 r-xp 00000000 08:08 1310820                    /usr/lib/x86_64-linux-gnu/libffi.so.6.0.4
7fc4443d8000-7fc4445d8000 ---p 00007000 08:08 1310820                    /usr/lib/x86_64-linux-gnu/libffi.so.6.0.4
7fc4445d8000-7fc4445d9000 r--p 00007000 08:08 1310820                    /usr/lib/x86_64-linux-gnu/libffi.so.6.0.4
7fc4445d9000-7fc4445da000 rw-p 00008000 08:08 1310820                    /usr/lib/x86_64-linux-gnu/libffi.so.6.0.4
7fc4445da000-7fc444601000 r-xp 00000000 08:08 2490779                    /lib/x86_64-linux-gnu/libexpat.so.1.6.2
7fc444601000-7fc444801000 ---p 00027000 08:08 2490779                    /lib/x86_64-linux-gnu/libexpat.so.1.6.2
7fc444801000-7fc444803000 r--p 00027000 08:08 2490779                    /lib/x86_64-linux-gnu/libexpat.so.1.6.2
7fc444803000-7fc444804000 rw-p 00029000 08:08 2490779                    /lib/x86_64-linux-gnu/libexpat.so.1.6.2
7fc444804000-7fc44480c000 r-xp 00000000 08:08 1317260                    /usr/lib/x86_64-linux-gnu/libthai.so.0.3.0
7fc44480c000-7fc444a0c000 ---p 00008000 08:08 1317260                    /usr/lib/x86_64-linux-gnu/libthai.so.0.3.0
7fc444a0c000-7fc444a0d000 r--p 00008000 08:08 1317260                    /usr/lib/x86_64-linux-gnu/libthai.so.0.3.0
7fc444a0d000-7fc444a0e000 rw-p 00009000 08:08 1317260                    /usr/lib/x86_64-linux-gnu/libthai.so.0.3.0
7fc444a0e000-7fc444a1a000 r-xp 00000000 08:08 1317617                    /usr/lib/x86_64-linux-gnu/libxcb-render.so.0.0.0
7fc444a1a000-7fc444c1a000 ---p 0000c000 08:08 1317617                    /usr/lib/x86_64-linux-gnu/libxcb-render.so.0.0.0
7fc444c1a000-7fc444c1b000 r--p 0000c000 08:08 1317617                    /usr/lib/x86_64-linux-gnu/libxcb-render.so.0.0.0
7fc444c1b000-7fc444c1c000 rw-p 0000d000 08:08 1317617                    /usr/lib/x86_64-linux-gnu/libxcb-render.so.0.0.0
7fc444c1c000-7fc444c43000 r-xp 00000000 08:08 1316607                    /usr/lib/x86_64-linux-gnu/libxcb.so.1.1.0
7fc444c43000-7fc444e42000 ---p 00027000 08:08 1316607                    /usr/lib/x86_64-linux-gnu/libxcb.so.1.1.0
7fc444e42000-7fc444e43000 r--p 00026000 08:08 1316607                    /usr/lib/x86_64-linux-gnu/libxcb.so.1.1.0
7fc444e43000-7fc444e44000 rw-p 00027000 08:08 1316607                    /usr/lib/x86_64-linux-gnu/libxcb.so.1.1.0
7fc444e44000-7fc444e46000 r-xp 00000000 08:08 1317629                    /usr/lib/x86_64-linux-gnu/libxcb-shm.so.0.0.0
7fc444e46000-7fc445046000 ---p 00002000 08:08 1317629                    /usr/lib/x86_64-linux-gnu/libxcb-shm.so.0.0.0
7fc445046000-7fc445047000 r--p 00002000 08:08 1317629                    /usr/lib/x86_64-linux-gnu/libxcb-shm.so.0.0.0
7fc445047000-7fc445048000 rw-p 00003000 08:08 1317629                    /usr/lib/x86_64-linux-gnu/libxcb-shm.so.0.0.0
7fc445048000-7fc4450e6000 r-xp 00000000 08:08 1317601                    /usr/lib/x86_64-linux-gnu/libpixman-1.so.0.34.0
7fc4450e6000-7fc4452e6000 ---p 0009e000 08:08 1317601                    /usr/lib/x86_64-linux-gnu/libpixman-1.so.0.34.0
7fc4452e6000-7fc4452ee000 r--p 0009e000 08:08 1317601                    /usr/lib/x86_64-linux-gnu/libpixman-1.so.0.34.0
7fc4452ee000-7fc4452ef000 rw-p 000a6000 08:08 1317601                    /usr/lib/x86_64-linux-gnu/libpixman-1.so.0.34.0
7fc4452ef000-7fc445320000 r-xp 00000000 08:08 1316561                    /usr/lib/x86_64-linux-gnu/libpng16.so.16.28.0
7fc445320000-7fc445520000 ---p 00031000 08:08 1316561                    /usr/lib/x86_64-linux-gnu/libpng16.so.16.28.0
7fc445520000-7fc445521000 r--p 00031000 08:08 1316561                    /usr/lib/x86_64-linux-gnu/libpng16.so.16.28.0
7fc445521000-7fc445522000 rw-p 00032000 08:08 1316561                    /usr/lib/x86_64-linux-gnu/libpng16.so.16.28.0
7fc445522000-7fc4455b5000 r-xp 00000000 08:08 1317663                    /usr/lib/x86_64-linux-gnu/libharfbuzz.so.0.10400.2
7fc4455b5000-7fc4457b4000 ---p 00093000 08:08 1317663                    /usr/lib/x86_64-linux-gnu/libharfbuzz.so.0.10400.2
7fc4457b4000-7fc4457b6000 r--p 00092000 08:08 1317663                    /usr/lib/x86_64-linux-gnu/libharfbuzz.so.0.10400.2
7fc4457b6000-7fc4457b7000 rw-p 00094000 08:08 1317663                    /usr/lib/x86_64-linux-gnu/libharfbuzz.so.0.10400.2
7fc4457b7000-7fc445801000 r-xp 00000000 08:08 2490430                    /lib/x86_64-linux-gnu/libmount.so.1.1.0
7fc445801000-7fc445a01000 ---p 0004a000 08:08 2490430                    /lib/x86_64-linux-gnu/libmount.so.1.1.0
7fc445a01000-7fc445a02000 r--p 0004a000 08:08 2490430                    /lib/x86_64-linux-gnu/libmount.so.1.1.0
7fc445a02000-7fc445a03000 rw-p 0004b000 08:08 2490430                    /lib/x86_64-linux-gnu/libmount.so.1.1.0
7fc445a03000-7fc445a05000 rw-p 00000000 00:00 0 
7fc445a05000-7fc445a19000 r-xp 00000000 08:08 2495184                    /lib/x86_64-linux-gnu/libresolv-2.24.so
7fc445a19000-7fc445c18000 ---p 00014000 08:08 2495184                    /lib/x86_64-linux-gnu/libresolv-2.24.so
7fc445c18000-7fc445c19000 r--p 00013000 08:08 2495184                    /lib/x86_64-linux-gnu/libresolv-2.24.so
7fc445c19000-7fc445c1a000 rw-p 00014000 08:08 2495184                    /lib/x86_64-linux-gnu/libresolv-2.24.so
7fc445c1a000-7fc445c1c000 rw-p 00000000 00:00 0 
7fc445c1c000-7fc445c41000 r-xp 00000000 08:08 2494600                    /lib/x86_64-linux-gnu/libselinux.so.1
7fc445c41000-7fc445e40000 ---p 00025000 08:08 2494600                    /lib/x86_64-linux-gnu/libselinux.so.1
7fc445e40000-7fc445e41000 r--p 00024000 08:08 2494600                    /lib/x86_64-linux-gnu/libselinux.so.1
7fc445e41000-7fc445e42000 rw-p 00025000 08:08 2494600                    /lib/x86_64-linux-gnu/libselinux.so.1
7fc445e42000-7fc445e44000 rw-p 00000000 00:00 0 
7fc445e44000-7fc445e5d000 r-xp 00000000 08:08 2490402                    /lib/x86_64-linux-gnu/libz.so.1.2.8
7fc445e5d000-7fc44605c000 ---p 00019000 08:08 2490402                    /lib/x86_64-linux-gnu/libz.so.1.2.8
7fc44605c000-7fc44605d000 r--p 00018000 08:08 2490402                    /lib/x86_64-linux-gnu/libz.so.1.2.8
7fc44605d000-7fc44605e000 rw-p 00019000 08:08 2490402                    /lib/x86_64-linux-gnu/libz.so.1.2.8
7fc44605e000-7fc44606f000 r-xp 00000000 08:08 1314161                    /usr/lib/x86_64-linux-gnu/libXext.so.6.4.0
7fc44606f000-7fc44626e000 ---p 00011000 08:08 1314161                    /usr/lib/x86_64-linux-gnu/libXext.so.6.4.0
7fc44626e000-7fc44626f000 r--p 00010000 08:08 1314161                    /usr/lib/x86_64-linux-gnu/libXext.so.6.4.0
7fc44626f000-7fc446270000 rw-p 00011000 08:08 1314161                    /usr/lib/x86_64-linux-gnu/libXext.so.6.4.0
7fc446270000-7fc44627a000 r-xp 00000000 08:08 1327563                    /usr/lib/x86_64-linux-gnu/libXcursor.so.1.0.2
7fc44627a000-7fc446479000 ---p 0000a000 08:08 1327563                    /usr/lib/x86_64-linux-gnu/libXcursor.so.1.0.2
7fc446479000-7fc44647a000 r--p 00009000 08:08 1327563                    /usr/lib/x86_64-linux-gnu/libXcursor.so.1.0.2
7fc44647a000-7fc44647b000 rw-p 0000a000 08:08 1327563                    /usr/lib/x86_64-linux-gnu/libXcursor.so.1.0.2
7fc44647b000-7fc446485000 r-xp 00000000 08:08 1318493                    /usr/lib/x86_64-linux-gnu/libXrandr.so.2.2.0
7fc446485000-7fc446684000 ---p 0000a000 08:08 1318493                    /usr/lib/x86_64-linux-gnu/libXrandr.so.2.2.0
7fc446684000-7fc446685000 r--p 00009000 08:08 1318493                    /usr/lib/x86_64-linux-gnu/libXrandr.so.2.2.0
7fc446685000-7fc446686000 rw-p 0000a000 08:08 1318493                    /usr/lib/x86_64-linux-gnu/libXrandr.so.2.2.0
7fc446686000-7fc446695000 r-xp 00000000 08:08 1341973                    /usr/lib/x86_64-linux-gnu/libXi.so.6.1.0
7fc446695000-7fc446894000 ---p 0000f000 08:08 1341973                    /usr/lib/x86_64-linux-gnu/libXi.so.6.1.0
7fc446894000-7fc446895000 r--p 0000e000 08:08 1341973                    /usr/lib/x86_64-linux-gnu/libXi.so.6.1.0
7fc446895000-7fc446896000 rw-p 0000f000 08:08 1341973                    /usr/lib/x86_64-linux-gnu/libXi.so.6.1.0
7fc446896000-7fc446898000 r-xp 00000000 08:08 1317723                    /usr/lib/x86_64-linux-gnu/libXinerama.so.1.0.0
7fc446898000-7fc446a97000 ---p 00002000 08:08 1317723                    /usr/lib/x86_64-linux-gnu/libXinerama.so.1.0.0
7fc446a97000-7fc446a98000 r--p 00001000 08:08 1317723                    /usr/lib/x86_64-linux-gnu/libXinerama.so.1.0.0
7fc446a98000-7fc446a99000 rw-p 00002000 08:08 1317723                    /usr/lib/x86_64-linux-gnu/libXinerama.so.1.0.0
7fc446a99000-7fc446aa2000 r-xp 00000000 08:08 1314172                    /usr/lib/x86_64-linux-gnu/libXrender.so.1.3.0
7fc446aa2000-7fc446ca1000 ---p 00009000 08:08 1314172                    /usr/lib/x86_64-linux-gnu/libXrender.so.1.3.0
7fc446ca1000-7fc446ca2000 r--p 00008000 08:08 1314172                    /usr/lib/x86_64-linux-gnu/libXrender.so.1.3.0
7fc446ca2000-7fc446ca3000 rw-p 00009000 08:08 1314172                    /usr/lib/x86_64-linux-gnu/libXrender.so.1.3.0
7fc446ca3000-7fc446ca8000 r-xp 00000000 08:08 1317715                    /usr/lib/x86_64-linux-gnu/libXfixes.so.3.1.0
7fc446ca8000-7fc446ea7000 ---p 00005000 08:08 1317715                    /usr/lib/x86_64-linux-gnu/libXfixes.so.3.1.0
7fc446ea7000-7fc446ea8000 r--p 00004000 08:08 1317715                    /usr/lib/x86_64-linux-gnu/libXfixes.so.3.1.0
7fc446ea8000-7fc446ea9000 rw-p 00005000 08:08 1317715                    /usr/lib/x86_64-linux-gnu/libXfixes.so.3.1.0
7fc446ea9000-7fc446eab000 r-xp 00000000 08:08 1316309                    /usr/lib/x86_64-linux-gnu/libXdamage.so.1.1.0
7fc446eab000-7fc4470aa000 ---p 00002000 08:08 1316309                    /usr/lib/x86_64-linux-gnu/libXdamage.so.1.1.0
7fc4470aa000-7fc4470ab000 r--p 00001000 08:08 1316309                    /usr/lib/x86_64-linux-gnu/libXdamage.so.1.1.0
7fc4470ab000-7fc4470ac000 rw-p 00002000 08:08 1316309                    /usr/lib/x86_64-linux-gnu/libXdamage.so.1.1.0
7fc4470ac000-7fc4470ae000 r-xp 00000000 08:08 1313558                    /usr/lib/x86_64-linux-gnu/libXcomposite.so.1.0.0
7fc4470ae000-7fc4472ad000 ---p 00002000 08:08 1313558                    /usr/lib/x86_64-linux-gnu/libXcomposite.so.1.0.0
7fc4472ad000-7fc4472ae000 r--p 00001000 08:08 1313558                    /usr/lib/x86_64-linux-gnu/libXcomposite.so.1.0.0
7fc4472ae000-7fc4472af000 rw-p 00002000 08:08 1313558                    /usr/lib/x86_64-linux-gnu/libXcomposite.so.1.0.0
7fc4472af000-7fc4472c5000 r-xp 00000000 08:08 2490788                    /lib/x86_64-linux-gnu/libgcc_s.so.1
7fc4472c5000-7fc4474c4000 ---p 00016000 08:08 2490788                    /lib/x86_64-linux-gnu/libgcc_s.so.1
7fc4474c4000-7fc4474c5000 r--p 00015000 08:08 2490788                    /lib/x86_64-linux-gnu/libgcc_s.so.1
7fc4474c5000-7fc4474c6000 rw-p 00016000 08:08 2490788                    /lib/x86_64-linux-gnu/libgcc_s.so.1
7fc4474c6000-7fc447638000 r-xp 00000000 08:08 1319596                    /usr/lib/x86_64-linux-gnu/libstdc++.so.6.0.22
7fc447638000-7fc447838000 ---p 00172000 08:08 1319596                    /usr/lib/x86_64-linux-gnu/libstdc++.so.6.0.22
7fc447838000-7fc447842000 r--p 00172000 08:08 1319596                    /usr/lib/x86_64-linux-gnu/libstdc++.so.6.0.22
7fc447842000-7fc447844000 rw-p 0017c000 08:08 1319596                    /usr/lib/x86_64-linux-gnu/libstdc++.so.6.0.22
7fc447844000-7fc447848000 rw-p 00000000 00:00 0 
7fc447848000-7fc4478b6000 r-xp 00000000 08:08 1320376                    /usr/lib/x86_64-linux-gnu/libGL.so.1.2.0
7fc4478b6000-7fc447ab5000 ---p 0006e000 08:08 1320376                    /usr/lib/x86_64-linux-gnu/libGL.so.1.2.0
7fc447ab5000-7fc447ab8000 r--p 0006d000 08:08 1320376                    /usr/lib/x86_64-linux-gnu/libGL.so.1.2.0
7fc447ab8000-7fc447ab9000 rw-p 00070000 08:08 1320376                    /usr/lib/x86_64-linux-gnu/libGL.so.1.2.0
7fc447ab9000-7fc447aba000 rw-p 00000000 00:00 0 
7fc447aba000-7fc447abf000 r-xp 00000000 08:08 1313528                    /usr/lib/x86_64-linux-gnu/libXxf86vm.so.1.0.0
7fc447abf000-7fc447cbe000 ---p 00005000 08:08 1313528                    /usr/lib/x86_64-linux-gnu/libXxf86vm.so.1.0.0
7fc447cbe000-7fc447cbf000 r--p 00004000 08:08 1313528                    /usr/lib/x86_64-linux-gnu/libXxf86vm.so.1.0.0
7fc447cbf000-7fc447cc0000 rw-p 00005000 08:08 1313528                    /usr/lib/x86_64-linux-gnu/libXxf86vm.so.1.0.0
7fc447cc0000-7fc447dfa000 r-xp 00000000 08:08 1314111                    /usr/lib/x86_64-linux-gnu/libX11.so.6.3.0
7fc447dfa000-7fc447ffa000 ---p 0013a000 08:08 1314111                    /usr/lib/x86_64-linux-gnu/libX11.so.6.3.0
7fc447ffa000-7fc447ffb000 r--p 0013a000 08:08 1314111                    /usr/lib/x86_64-linux-gnu/libX11.so.6.3.0
7fc447ffb000-7fc448000000 rw-p 0013b000 08:08 1314111                    /usr/lib/x86_64-linux-gnu/libX11.so.6.3.0
7fc448000000-7fc448021000 rw-p 00000000 00:00 0 
7fc448021000-7fc44c000000 ---p 00000000 00:00 0 
7fc44c000000-7fc44c847000 rw-p 00000000 00:00 0 
7fc44c847000-7fc450000000 ---p 00000000 00:00 0 
7fc450000000-7fc4507a4000 rw-p 00000000 00:00 0 
7fc4507a4000-7fc454000000 ---p 00000000 00:00 0 
7fc454000000-7fc454021000 rw-p 00000000 00:00 0 
7fc454021000-7fc458000000 ---p 00000000 00:00 0 
7fc458000000-7fc458021000 rw-p 00000000 00:00 0 
7fc458021000-7fc45c000000 ---p 00000000 00:00 0 
7fc45c000000-7fc45e32d000 rw-p 00000000 00:00 0 
7fc45e32d000-7fc460000000 ---p 00000000 00:00 0 
7fc460000000-7fc460021000 rw-p 00000000 00:00 0 
7fc460021000-7fc464000000 ---p 00000000 00:00 0 
7fc464000000-7fc464021000 rw-p 00000000 00:00 0 
7fc464021000-7fc468000000 ---p 00000000 00:00 0 
7fc468000000-7fc46828d000 rw-p 00000000 00:00 0 
7fc46828d000-7fc46c000000 ---p 00000000 00:00 0 
7fc46c000000-7fc46c021000 rw-p 00000000 00:00 0 
7fc46c021000-7fc470000000 ---p 00000000 00:00 0 
7fc470000000-7fc470001000 r--s 00000000 08:08 398355                     /var/cache/fontconfig/406a1d2d2bf3ed7664fbadefac0b2f66-le64.cache-4
7fc470001000-7fc470005000 r--s 00000000 08:08 398158                     /var/cache/fontconfig/4d6aee6d44eccb37054d3216e945f618-le64.cache-4
7fc470005000-7fc470009000 r--s 00000000 08:08 398136                     /var/cache/fontconfig/d6c6df98c3df5faf9bd0f8ef4d91efe5-le64.cache-4
7fc470009000-7fc47000d000 r--s 00000000 08:08 398134                     /var/cache/fontconfig/9fb319ef52839f11ee26ab8b4cffa12b-le64.cache-4
7fc47000d000-7fc47000f000 r--s 00000000 08:08 398132                     /var/cache/fontconfig/43bfe21a9e1edebcf703d79ee2950b06-le64.cache-4
7fc47000f000-7fc470015000 r--s 00000000 08:08 398080                     /var/cache/fontconfig/3629f2adf904f9a612908891fae71ceb-le64.cache-4
7fc470015000-7fc470018000 r--s 00000000 08:08 393453                     /var/cache/fontconfig/de83a0a961185c8bd1f159015d56c039-le64.cache-4
7fc470018000-7fc470039000 r--s 00000000 08:08 399682                     /var/cache/fontconfig/e13b20fdb08344e0e664864cc2ede53d-le64.cache-4
7fc470039000-7fc47003d000 r--s 00000000 08:08 396063                     /var/cache/fontconfig/7ef2298fde41cc6eeb7af42e48b7d293-le64.cache-4
7fc47003d000-7fc47004a000 r--s 00000000 08:08 399696                     /var/cache/fontconfig/8f02d4cb045bd6ce15663e43f347c9f8-le64.cache-4
7fc47004a000-7fc470068000 r--s 00000000 08:08 398112                     /var/cache/fontconfig/467c019e582ee353435ea5c21d137ef6-le64.cache-4
7fc470068000-7fc47006e000 r--s 00000000 08:08 2899942                    /home/kwong/.cache/fontconfig/e1e559ed76590e1cdf1de5768c7f8068-le64.cache-4
7fc47006e000-7fc470092000 r--p 00000000 08:08 1355386                    /usr/share/locale/zh_CN/LC_MESSAGES/gtk20-properties.mo
7fc470092000-7fc470097000 r-xp 00000000 08:08 1320243                    /usr/lib/x86_64-linux-gnu/libXtst.so.6.1.0
7fc470097000-7fc470296000 ---p 00005000 08:08 1320243                    /usr/lib/x86_64-linux-gnu/libXtst.so.6.1.0
7fc470296000-7fc470297000 r--p 00004000 08:08 1320243                    /usr/lib/x86_64-linux-gnu/libXtst.so.6.1.0
7fc470297000-7fc470298000 rw-p 00005000 08:08 1320243                    /usr/lib/x86_64-linux-gnu/libXtst.so.6.1.0
7fc470298000-7fc4703aa000 r-xp 00000000 08:08 2490997                    /lib/x86_64-linux-gnu/libglib-2.0.so.0.5000.3
7fc4703aa000-7fc4705a9000 ---p 00112000 08:08 2490997                    /lib/x86_64-linux-gnu/libglib-2.0.so.0.5000.3
7fc4705a9000-7fc4705aa000 r--p 00111000 08:08 2490997                    /lib/x86_64-linux-gnu/libglib-2.0.so.0.5000.3
7fc4705aa000-7fc4705ab000 rw-p 00112000 08:08 2490997                    /lib/x86_64-linux-gnu/libglib-2.0.so.0.5000.3
7fc4705ab000-7fc4705ac000 rw-p 00000000 00:00 0 
7fc4705ac000-7fc4705ad000 r-xp 00000000 08:08 1315937                    /usr/lib/x86_64-linux-gnu/libgthread-2.0.so.0.5000.3
7fc4705ad000-7fc4707ac000 ---p 00001000 08:08 1315937                    /usr/lib/x86_64-linux-gnu/libgthread-2.0.so.0.5000.3
7fc4707ac000-7fc4707ad000 r--p 00000000 08:08 1315937                    /usr/lib/x86_64-linux-gnu/libgthread-2.0.so.0.5000.3
7fc4707ad000-7fc4707ae000 rw-p 00001000 08:08 1315937                    /usr/lib/x86_64-linux-gnu/libgthread-2.0.so.0.5000.3
7fc4707ae000-7fc4707b1000 r-xp 00000000 08:08 1315935                    /usr/lib/x86_64-linux-gnu/libgmodule-2.0.so.0.5000.3
7fc4707b1000-7fc4709b0000 ---p 00003000 08:08 1315935                    /usr/lib/x86_64-linux-gnu/libgmodule-2.0.so.0.5000.3
7fc4709b0000-7fc4709b1000 r--p 00002000 08:08 1315935                    /usr/lib/x86_64-linux-gnu/libgmodule-2.0.so.0.5000.3
7fc4709b1000-7fc4709b2000 rw-p 00003000 08:08 1315935                    /usr/lib/x86_64-linux-gnu/libgmodule-2.0.so.0.5000.3
7fc4709b2000-7fc470a04000 r-xp 00000000 08:08 1315936                    /usr/lib/x86_64-linux-gnu/libgobject-2.0.so.0.5000.3
7fc470a04000-7fc470c03000 ---p 00052000 08:08 1315936                    /usr/lib/x86_64-linux-gnu/libgobject-2.0.so.0.5000.3
7fc470c03000-7fc470c04000 r--p 00051000 08:08 1315936                    /usr/lib/x86_64-linux-gnu/libgobject-2.0.so.0.5000.3
7fc470c04000-7fc470c05000 rw-p 00052000 08:08 1315936                    /usr/lib/x86_64-linux-gnu/libgobject-2.0.so.0.5000.3
7fc470c05000-7fc470c41000 r-xp 00000000 08:08 1349550                    /usr/lib/x86_64-linux-gnu/libfontconfig.so.1.8.0
7fc470c41000-7fc470e40000 ---p 0003c000 08:08 1349550                    /usr/lib/x86_64-linux-gnu/libfontconfig.so.1.8.0
7fc470e40000-7fc470e42000 r--p 0003b000 08:08 1349550                    /usr/lib/x86_64-linux-gnu/libfontconfig.so.1.8.0
7fc470e42000-7fc470e43000 rw-p 0003d000 08:08 1349550                    /usr/lib/x86_64-linux-gnu/libfontconfig.so.1.8.0
7fc470e43000-7fc470eeb000 r-xp 00000000 08:08 1311666                    /usr/lib/x86_64-linux-gnu/libfreetype.so.6.12.3
7fc470eeb000-7fc4710eb000 ---p 000a8000 08:08 1311666                    /usr/lib/x86_64-linux-gnu/libfreetype.so.6.12.3
7fc4710eb000-7fc4710f1000 r--p 000a8000 08:08 1311666                    /usr/lib/x86_64-linux-gnu/libfreetype.so.6.12.3
7fc4710f1000-7fc4710f2000 rw-p 000ae000 08:08 1311666                    /usr/lib/x86_64-linux-gnu/libfreetype.so.6.12.3
7fc4710f2000-7fc47113b000 r-xp 00000000 08:08 1311724                    /usr/lib/x86_64-linux-gnu/libpango-1.0.so.0.4000.5
7fc47113b000-7fc47133a000 ---p 00049000 08:08 1311724                    /usr/lib/x86_64-linux-gnu/libpango-1.0.so.0.4000.5
7fc47133a000-7fc47133d000 r--p 00048000 08:08 1311724                    /usr/lib/x86_64-linux-gnu/libpango-1.0.so.0.4000.5
7fc47133d000-7fc47133e000 rw-p 0004b000 08:08 1311724                    /usr/lib/x86_64-linux-gnu/libpango-1.0.so.0.4000.5
7fc47133e000-7fc47144c000 r-xp 00000000 08:08 1313540                    /usr/lib/x86_64-linux-gnu/libcairo.so.2.11400.8
7fc47144c000-7fc47164c000 ---p 0010e000 08:08 1313540                    /usr/lib/x86_64-linux-gnu/libcairo.so.2.11400.8
7fc47164c000-7fc47164f000 r--p 0010e000 08:08 1313540                    /usr/lib/x86_64-linux-gnu/libcairo.so.2.11400.8
7fc47164f000-7fc471650000 rw-p 00111000 08:08 1313540                    /usr/lib/x86_64-linux-gnu/libcairo.so.2.11400.8
7fc471650000-7fc471652000 rw-p 00000000 00:00 0 
7fc471652000-7fc47165e000 r-xp 00000000 08:08 1311717                    /usr/lib/x86_64-linux-gnu/libpangocairo-1.0.so.0.4000.5
7fc47165e000-7fc47185d000 ---p 0000c000 08:08 1311717                    /usr/lib/x86_64-linux-gnu/libpangocairo-1.0.so.0.4000.5
7fc47185d000-7fc47185e000 r--p 0000b000 08:08 1311717                    /usr/lib/x86_64-linux-gnu/libpangocairo-1.0.so.0.4000.5
7fc47185e000-7fc47185f000 rw-p 0000c000 08:08 1311717                    /usr/lib/x86_64-linux-gnu/libpangocairo-1.0.so.0.4000.5
7fc47185f000-7fc471881000 r-xp 00000000 08:08 1317623                    /usr/lib/x86_64-linux-gnu/libgdk_pixbuf-2.0.so.0.3600.5
7fc471881000-7fc471a80000 ---p 00022000 08:08 1317623                    /usr/lib/x86_64-linux-gnu/libgdk_pixbuf-2.0.so.0.3600.5
7fc471a80000-7fc471a81000 r--p 00021000 08:08 1317623                    /usr/lib/x86_64-linux-gnu/libgdk_pixbuf-2.0.so.0.3600.5
7fc471a81000-7fc471a82000 rw-p 00022000 08:08 1317623                    /usr/lib/x86_64-linux-gnu/libgdk_pixbuf-2.0.so.0.3600.5
7fc471a82000-7fc471a96000 r-xp 00000000 08:08 1311709                    /usr/lib/x86_64-linux-gnu/libpangoft2-1.0.so.0.4000.5
7fc471a96000-7fc471c96000 ---p 00014000 08:08 1311709                    /usr/lib/x86_64-linux-gnu/libpangoft2-1.0.so.0.4000.5
7fc471c96000-7fc471c97000 r--p 00014000 08:08 1311709                    /usr/lib/x86_64-linux-gnu/libpangoft2-1.0.so.0.4000.5
7fc471c97000-7fc471c98000 rw-p 00015000 08:08 1311709                    /usr/lib/x86_64-linux-gnu/libpangoft2-1.0.so.0.4000.5
7fc471c98000-7fc471e25000 r-xp 00000000 08:08 1315934                    /usr/lib/x86_64-linux-gnu/libgio-2.0.so.0.5000.3
7fc471e25000-7fc472025000 ---p 0018d000 08:08 1315934                    /usr/lib/x86_64-linux-gnu/libgio-2.0.so.0.5000.3
7fc472025000-7fc47202a000 r--p 0018d000 08:08 1315934                    /usr/lib/x86_64-linux-gnu/libgio-2.0.so.0.5000.3
7fc47202a000-7fc47202d000 rw-p 00192000 08:08 1315934                    /usr/lib/x86_64-linux-gnu/libgio-2.0.so.0.5000.3
7fc47202d000-7fc47202e000 rw-p 00000000 00:00 0 
7fc47202e000-7fc472051000 r-xp 00000000 08:08 1310926                    /usr/lib/x86_64-linux-gnu/libatk-1.0.so.0.22209.1
7fc472051000-7fc472250000 ---p 00023000 08:08 1310926                    /usr/lib/x86_64-linux-gnu/libatk-1.0.so.0.22209.1
7fc472250000-7fc472253000 r--p 00022000 08:08 1310926                    /usr/lib/x86_64-linux-gnu/libatk-1.0.so.0.22209.1
7fc472253000-7fc472254000 rw-p 00025000 08:08 1310926                    /usr/lib/x86_64-linux-gnu/libatk-1.0.so.0.22209.1
7fc472254000-7fc472304000 r-xp 00000000 08:08 1321694                    /usr/lib/x86_64-linux-gnu/libgdk-x11-2.0.so.0.2400.31
7fc472304000-7fc472503000 ---p 000b0000 08:08 1321694                    /usr/lib/x86_64-linux-gnu/libgdk-x11-2.0.so.0.2400.31
7fc472503000-7fc472507000 r--p 000af000 08:08 1321694                    /usr/lib/x86_64-linux-gnu/libgdk-x11-2.0.so.0.2400.31
7fc472507000-7fc472509000 rw-p 000b3000 08:08 1321694                    /usr/lib/x86_64-linux-gnu/libgdk-x11-2.0.so.0.2400.31
7fc472509000-7fc472945000 r-xp 00000000 08:08 1321695                    /usr/lib/x86_64-linux-gnu/libgtk-x11-2.0.so.0.2400.31
7fc472945000-7fc472b44000 ---p 0043c000 08:08 1321695                    /usr/lib/x86_64-linux-gnu/libgtk-x11-2.0.so.0.2400.31
7fc472b44000-7fc472b4b000 r--p 0043b000 08:08 1321695                    /usr/lib/x86_64-linux-gnu/libgtk-x11-2.0.so.0.2400.31
7fc472b4b000-7fc472b4f000 rw-p 00442000 08:08 1321695                    /usr/lib/x86_64-linux-gnu/libgtk-x11-2.0.so.0.2400.31
7fc472b4f000-7fc472b52000 rw-p 00000000 00:00 0 
7fc472b52000-7fc472b53000 r--s 00000000 08:08 398177                     /var/cache/fontconfig/3334a778d104e76d188e9df399bc24d2-le64.cache-4
7fc472b53000-7fc472b5f000 rw-s 11b1f0000 00:06 8888                      /dev/dri/card0
7fc472b5f000-7fc472b81000 r--p 00000000 08:08 1345660                    /usr/share/locale/zh_CN/LC_MESSAGES/libc.mo
7fc472b81000-7fc472b8d000 r-xp 00000000 08:08 143589                     /usr/lib/jvm/jdk1.8.0_66/jre/lib/amd64/libprism_es2.so
7fc472b8d000-7fc472d8c000 ---p 0000c000 08:08 143589                     /usr/lib/jvm/jdk1.8.0_66/jre/lib/amd64/libprism_es2.so
7fc472d8c000-7fc472d8d000 rw-p 0000b000 08:08 143589                     /usr/lib/jvm/jdk1.8.0_66/jre/lib/amd64/libprism_es2.so
7fc472d8d000-7fc472d90000 ---p 00000000 00:00 0 
7fc472d90000-7fc472e8e000 rw-p 00000000 00:00 0 
7fc472e8e000-7fc472f23000 r--s 01108000 08:08 9851                       /usr/lib/jvm/jdk1.8.0_66/jre/lib/ext/jfxrt.jar
7fc472f23000-7fc472f24000 ---p 00000000 00:00 0 
7fc472f24000-7fc473024000 rw-p 00000000 00:00 0 
7fc473024000-7fc473027000 ---p 00000000 00:00 0 
7fc473027000-7fc473125000 rw-p 00000000 00:00 0 
7fc473125000-7fc473128000 ---p 00000000 00:00 0 
7fc473128000-7fc473226000 rw-p 00000000 00:00 0 
7fc473226000-7fc473229000 ---p 00000000 00:00 0 
7fc473229000-7fc473327000 rw-p 00000000 00:00 0 
7fc473327000-7fc47332a000 ---p 00000000 00:00 0 
7fc47332a000-7fc473428000 rw-p 00000000 00:00 0 
7fc473428000-7fc4735f6000 r--p 00000000 08:08 1334306                    /usr/lib/locale/locale-archive
7fc4735f6000-7fc4735f9000 ---p 00000000 00:00 0 
7fc4735f9000-7fc4736f7000 rw-p 00000000 00:00 0 
7fc4736f7000-7fc4736fa000 ---p 00000000 00:00 0 
7fc4736fa000-7fc4737f8000 rw-p 00000000 00:00 0 
7fc4737f8000-7fc4737f9000 ---p 00000000 00:00 0 
7fc4737f9000-7fc474000000 rw-p 00000000 00:00 0 
7fc474000000-7fc474032000 rw-p 00000000 00:00 0 
7fc474032000-7fc478000000 ---p 00000000 00:00 0 
7fc478000000-7fc47800a000 r--s 00116000 08:08 9857                       /usr/lib/jvm/jdk1.8.0_66/jre/lib/ext/localedata.jar
7fc47800a000-7fc47801a000 rw-s 11edd9000 00:06 8888                      /dev/dri/card0
7fc47801a000-7fc478034000 r--s 001da000 08:08 2623109                    /home/kwong/NetBeansProjects/jtk/lib/antlr-4.7-complete.jar
7fc478034000-7fc478050000 r--s 00152000 08:08 2792240                    /home/kwong/NetBeansProjects/jtk/lib/freemarker.jar
7fc478050000-7fc479000000 rw-p 00000000 00:00 0 
7fc479000000-7fc47a270000 rwxp 00000000 00:00 0 
7fc47a270000-7fc488000000 ---p 00000000 00:00 0 
7fc488000000-7fc48840e000 rw-p 00000000 00:00 0 
7fc48840e000-7fc48c000000 ---p 00000000 00:00 0 
7fc48c000000-7fc48c00e000 r--p 00000000 08:08 1355388                    /usr/share/locale/zh_CN/LC_MESSAGES/gtk20.mo
7fc48c00e000-7fc48c015000 r--s 00000000 08:08 1346994                    /usr/lib/x86_64-linux-gnu/gconv/gconv-modules.cache
7fc48c015000-7fc48c2a8000 rw-p 00000000 00:00 0 
7fc48c2a8000-7fc48c481000 r--s 03d20000 08:08 9796                       /usr/lib/jvm/jdk1.8.0_66/jre/lib/rt.jar
7fc48c481000-7fc48ce75000 rw-p 00000000 00:00 0 
7fc48ce75000-7fc48ce76000 ---p 00000000 00:00 0 
7fc48ce76000-7fc48cf76000 rw-p 00000000 00:00 0 
7fc48cf76000-7fc48cf77000 ---p 00000000 00:00 0 
7fc48cf77000-7fc48d0aa000 rw-p 00000000 00:00 0 
7fc48d0aa000-7fc48d11e000 ---p 00000000 00:00 0 
7fc48d11e000-7fc48d172000 rw-p 00000000 00:00 0 
7fc48d172000-7fc48d1bd000 rw-p 00000000 00:00 0 
7fc48d1bd000-7fc48d533000 ---p 00000000 00:00 0 
7fc48d533000-7fc48d54d000 r-xp 00000000 08:08 143581                     /usr/lib/jvm/jdk1.8.0_66/jre/lib/amd64/libzip.so
7fc48d54d000-7fc48d74d000 ---p 0001a000 08:08 143581                     /usr/lib/jvm/jdk1.8.0_66/jre/lib/amd64/libzip.so
7fc48d74d000-7fc48d74e000 rw-p 0001a000 08:08 143581                     /usr/lib/jvm/jdk1.8.0_66/jre/lib/amd64/libzip.so
7fc48d74e000-7fc48d758000 r-xp 00000000 08:08 2495172                    /lib/x86_64-linux-gnu/libnss_files-2.24.so
7fc48d758000-7fc48d958000 ---p 0000a000 08:08 2495172                    /lib/x86_64-linux-gnu/libnss_files-2.24.so
7fc48d958000-7fc48d959000 r--p 0000a000 08:08 2495172                    /lib/x86_64-linux-gnu/libnss_files-2.24.so
7fc48d959000-7fc48d95a000 rw-p 0000b000 08:08 2495172                    /lib/x86_64-linux-gnu/libnss_files-2.24.so
7fc48d95a000-7fc48d960000 rw-p 00000000 00:00 0 
7fc48d960000-7fc48d96b000 r-xp 00000000 08:08 2495176                    /lib/x86_64-linux-gnu/libnss_nis-2.24.so
7fc48d96b000-7fc48db6a000 ---p 0000b000 08:08 2495176                    /lib/x86_64-linux-gnu/libnss_nis-2.24.so
7fc48db6a000-7fc48db6b000 r--p 0000a000 08:08 2495176                    /lib/x86_64-linux-gnu/libnss_nis-2.24.so
7fc48db6b000-7fc48db6c000 rw-p 0000b000 08:08 2495176                    /lib/x86_64-linux-gnu/libnss_nis-2.24.so
7fc48db6c000-7fc48db80000 r-xp 00000000 08:08 2495095                    /lib/x86_64-linux-gnu/libnsl-2.24.so
7fc48db80000-7fc48dd80000 ---p 00014000 08:08 2495095                    /lib/x86_64-linux-gnu/libnsl-2.24.so
7fc48dd80000-7fc48dd81000 r--p 00014000 08:08 2495095                    /lib/x86_64-linux-gnu/libnsl-2.24.so
7fc48dd81000-7fc48dd82000 rw-p 00015000 08:08 2495095                    /lib/x86_64-linux-gnu/libnsl-2.24.so
7fc48dd82000-7fc48dd84000 rw-p 00000000 00:00 0 
7fc48dd84000-7fc48dd8b000 r-xp 00000000 08:08 2495096                    /lib/x86_64-linux-gnu/libnss_compat-2.24.so
7fc48dd8b000-7fc48df8a000 ---p 00007000 08:08 2495096                    /lib/x86_64-linux-gnu/libnss_compat-2.24.so
7fc48df8a000-7fc48df8b000 r--p 00006000 08:08 2495096                    /lib/x86_64-linux-gnu/libnss_compat-2.24.so
7fc48df8b000-7fc48df8c000 rw-p 00007000 08:08 2495096                    /lib/x86_64-linux-gnu/libnss_compat-2.24.so
7fc48df8c000-7fc48dfb6000 r-xp 00000000 08:08 143576                     /usr/lib/jvm/jdk1.8.0_66/jre/lib/amd64/libjava.so
7fc48dfb6000-7fc48e1b6000 ---p 0002a000 08:08 143576                     /usr/lib/jvm/jdk1.8.0_66/jre/lib/amd64/libjava.so
7fc48e1b6000-7fc48e1b8000 rw-p 0002a000 08:08 143576                     /usr/lib/jvm/jdk1.8.0_66/jre/lib/amd64/libjava.so
7fc48e1b8000-7fc48e1c5000 r-xp 00000000 08:08 143580                     /usr/lib/jvm/jdk1.8.0_66/jre/lib/amd64/libverify.so
7fc48e1c5000-7fc48e3c5000 ---p 0000d000 08:08 143580                     /usr/lib/jvm/jdk1.8.0_66/jre/lib/amd64/libverify.so
7fc48e3c5000-7fc48e3c7000 rw-p 0000d000 08:08 143580                     /usr/lib/jvm/jdk1.8.0_66/jre/lib/amd64/libverify.so
7fc48e3c7000-7fc48e3ce000 r-xp 00000000 08:08 2495186                    /lib/x86_64-linux-gnu/librt-2.24.so
7fc48e3ce000-7fc48e5cd000 ---p 00007000 08:08 2495186                    /lib/x86_64-linux-gnu/librt-2.24.so
7fc48e5cd000-7fc48e5ce000 r--p 00006000 08:08 2495186                    /lib/x86_64-linux-gnu/librt-2.24.so
7fc48e5ce000-7fc48e5cf000 rw-p 00007000 08:08 2495186                    /lib/x86_64-linux-gnu/librt-2.24.so
7fc48e5cf000-7fc48e6d2000 r-xp 00000000 08:08 2494952                    /lib/x86_64-linux-gnu/libm-2.24.so
7fc48e6d2000-7fc48e8d1000 ---p 00103000 08:08 2494952                    /lib/x86_64-linux-gnu/libm-2.24.so
7fc48e8d1000-7fc48e8d2000 r--p 00102000 08:08 2494952                    /lib/x86_64-linux-gnu/libm-2.24.so
7fc48e8d2000-7fc48e8d3000 rw-p 00103000 08:08 2494952                    /lib/x86_64-linux-gnu/libm-2.24.so
7fc48e8d3000-7fc48f591000 r-xp 00000000 08:08 143559                     /usr/lib/jvm/jdk1.8.0_66/jre/lib/amd64/server/libjvm.so
7fc48f591000-7fc48f790000 ---p 00cbe000 08:08 143559                     /usr/lib/jvm/jdk1.8.0_66/jre/lib/amd64/server/libjvm.so
7fc48f790000-7fc48f869000 rw-p 00cbd000 08:08 143559                     /usr/lib/jvm/jdk1.8.0_66/jre/lib/amd64/server/libjvm.so
7fc48f869000-7fc48f8ad000 rw-p 00000000 00:00 0 
7fc48f8ad000-7fc48fa42000 r-xp 00000000 08:08 2494634                    /lib/x86_64-linux-gnu/libc-2.24.so
7fc48fa42000-7fc48fc42000 ---p 00195000 08:08 2494634                    /lib/x86_64-linux-gnu/libc-2.24.so
7fc48fc42000-7fc48fc46000 r--p 00195000 08:08 2494634                    /lib/x86_64-linux-gnu/libc-2.24.so
7fc48fc46000-7fc48fc48000 rw-p 00199000 08:08 2494634                    /lib/x86_64-linux-gnu/libc-2.24.so
7fc48fc48000-7fc48fc4c000 rw-p 00000000 00:00 0 
7fc48fc4c000-7fc48fc4f000 r-xp 00000000 08:08 2494951                    /lib/x86_64-linux-gnu/libdl-2.24.so
7fc48fc4f000-7fc48fe4e000 ---p 00003000 08:08 2494951                    /lib/x86_64-linux-gnu/libdl-2.24.so
7fc48fe4e000-7fc48fe4f000 r--p 00002000 08:08 2494951                    /lib/x86_64-linux-gnu/libdl-2.24.so
7fc48fe4f000-7fc48fe50000 rw-p 00003000 08:08 2494951                    /lib/x86_64-linux-gnu/libdl-2.24.so
7fc48fe50000-7fc48fe65000 r-xp 00000000 08:08 2792622                    /usr/lib/jvm/jdk1.8.0_66/lib/amd64/jli/libjli.so
7fc48fe65000-7fc490065000 ---p 00015000 08:08 2792622                    /usr/lib/jvm/jdk1.8.0_66/lib/amd64/jli/libjli.so
7fc490065000-7fc490066000 rw-p 00015000 08:08 2792622                    /usr/lib/jvm/jdk1.8.0_66/lib/amd64/jli/libjli.so
7fc490066000-7fc49007e000 r-xp 00000000 08:08 2495182                    /lib/x86_64-linux-gnu/libpthread-2.24.so
7fc49007e000-7fc49027d000 ---p 00018000 08:08 2495182                    /lib/x86_64-linux-gnu/libpthread-2.24.so
7fc49027d000-7fc49027e000 r--p 00017000 08:08 2495182                    /lib/x86_64-linux-gnu/libpthread-2.24.so
7fc49027e000-7fc49027f000 rw-p 00018000 08:08 2495182                    /lib/x86_64-linux-gnu/libpthread-2.24.so
7fc49027f000-7fc490283000 rw-p 00000000 00:00 0 
7fc490283000-7fc4902a6000 r-xp 00000000 08:08 2494628                    /lib/x86_64-linux-gnu/ld-2.24.so
7fc4902a6000-7fc4902a8000 r--s 00000000 08:08 397996                     /var/cache/fontconfig/62f91419b9ebdb6975e7e41ab6412357-le64.cache-4
7fc4902a8000-7fc4902fc000 rw-p 00000000 00:00 0 
7fc4902fc000-7fc490371000 ---p 00000000 00:00 0 
7fc490371000-7fc490374000 ---p 00000000 00:00 0 
7fc490374000-7fc490474000 rw-p 00000000 00:00 0 
7fc490474000-7fc490475000 r--s 00000000 08:08 398122                     /var/cache/fontconfig/c277e94e32b20404286a1ddafa5a80f0-le64.cache-4
7fc490475000-7fc490478000 r--s 00000000 08:08 399720                     /var/cache/fontconfig/16326683038b281783a0ef8c680e3a10-le64.cache-4
7fc490478000-7fc490479000 r--s 00000000 08:08 399684                     /var/cache/fontconfig/e0aa53bcfa504e64f87823c16bc01eb6-le64.cache-4
7fc490479000-7fc49047a000 rw-s 11ede9000 00:06 8888                      /dev/dri/card0
7fc49047a000-7fc49047b000 r--s 00002000 08:08 2753485                    /home/kwong/NetBeansProjects/jtk/lib/JSON.jar
7fc49047b000-7fc49048a000 r--s 000c5000 08:08 2638752                    /home/kwong/javatool/richtextfx-demos-fat-0.7-M5.jar
7fc49048a000-7fc49048f000 r--s 00092000 08:08 3433098                    /home/kwong/NetBeansProjects/JSchemeMin/dist/JSchemeMin.jar
7fc49048f000-7fc490499000 rw-p 00000000 00:00 0 
7fc490499000-7fc4904a1000 rw-s 00000000 08:08 560625                     /tmp/hsperfdata_kwong/20793
7fc4904a1000-7fc4904a2000 rw-p 00000000 00:00 0 
7fc4904a2000-7fc4904a3000 ---p 00000000 00:00 0 
7fc4904a3000-7fc4904a6000 rw-p 00000000 00:00 0 
7fc4904a6000-7fc4904a7000 r--p 00023000 08:08 2494628                    /lib/x86_64-linux-gnu/ld-2.24.so
7fc4904a7000-7fc4904a8000 rw-p 00024000 08:08 2494628                    /lib/x86_64-linux-gnu/ld-2.24.so
7fc4904a8000-7fc4904a9000 rw-p 00000000 00:00 0 
7ffe9bf98000-7ffe9bfb9000 rw-p 00000000 00:00 0                          [stack]
7ffe9bfda000-7ffe9bfdc000 r--p 00000000 00:00 0                          [vvar]
7ffe9bfdc000-7ffe9bfde000 r-xp 00000000 00:00 0                          [vdso]
ffffffffff600000-ffffffffff601000 r-xp 00000000 00:00 0                  [vsyscall]

VM Arguments:
jvm_args: -Dfile.encoding=UTF-8 
java_command: com.github.chungkwong.fooledit.editor.Demo
java_class_path (initial): /home/kwong/NetBeansProjects/jtk/src:/home/kwong/NetBeansProjects/jtk/lib/JSchemeMin.jar:/home/kwong/javatool/richtextfx-demos-fat-0.7-M5.jar:/home/kwong/NetBeansProjects/jtk/lib/JSON.jar:/home/kwong/NetBeansProjects/jtk/lib/freemarker.jar:/home/kwong/NetBeansProjects/jtk/lib/antlr-4.7-complete.jar:/home/kwong/NetBeansProjects/jtk/build/classes:/home/kwong/NetBeansProjects/jtk/modules
Launcher Type: SUN_STANDARD

Environment Variables:
PATH=/usr/local/bin:/usr/bin:/bin:/usr/local/games:/usr/games
LD_LIBRARY_PATH=/usr/lib/jvm/jdk1.8.0_66/jre/lib/amd64:/usr/lib/jvm/jdk1.8.0_66/jre/lib/i386:
SHELL=/bin/bash
DISPLAY=:0

Signal Handlers:
SIGSEGV: [libjvm.so+0xaba2a0], sa_mask[0]=11111111011111111101111111111110, sa_flags=SA_RESTART|SA_SIGINFO
SIGBUS: [libjvm.so+0xaba2a0], sa_mask[0]=11111111011111111101111111111110, sa_flags=SA_RESTART|SA_SIGINFO
SIGFPE: [libjvm.so+0x917710], sa_mask[0]=11111111011111111101111111111110, sa_flags=SA_RESTART|SA_SIGINFO
SIGPIPE: SIG_IGN, sa_mask[0]=00000000000010000000000000000000, sa_flags=SA_RESTART
SIGXFSZ: [libjvm.so+0x917710], sa_mask[0]=11111111011111111101111111111110, sa_flags=SA_RESTART|SA_SIGINFO
SIGILL: [libjvm.so+0x917710], sa_mask[0]=11111111011111111101111111111110, sa_flags=SA_RESTART|SA_SIGINFO
SIGUSR1: SIG_DFL, sa_mask[0]=00000000000000000000000000000000, sa_flags=none
SIGUSR2: [libjvm.so+0x918d40], sa_mask[0]=00100000000000000000000000000000, sa_flags=SA_RESTART|SA_SIGINFO
SIGHUP: [libjvm.so+0x91a140], sa_mask[0]=11111111011111111101111111111110, sa_flags=SA_RESTART|SA_SIGINFO
SIGINT: SIG_IGN, sa_mask[0]=00000000000000000000000000000000, sa_flags=none
SIGTERM: [libjvm.so+0x91a140], sa_mask[0]=11111111011111111101111111111110, sa_flags=SA_RESTART|SA_SIGINFO
SIGQUIT: [libjvm.so+0x91a140], sa_mask[0]=11111111011111111101111111111110, sa_flags=SA_RESTART|SA_SIGINFO


---------------  S Y S T E M  ---------------

OS:PRETTY_NAME="Debian GNU/Linux 9 (stretch)"
NAME="Debian GNU/Linux"
VERSION_ID="9"
VERSION="9 (stretch)"
ID=debian
HOME_URL="https://www.debian.org/"
SUPPORT_URL="https://www.debian.org/support"
BUG_REPORT_URL="https://bugs.debian.org/"

uname:Linux 4.9.0-3-amd64 #1 SMP Debian 4.9.30-2 (2017-06-12) x86_64
libc:glibc 2.24 NPTL 2.24 
rlimit: STACK 8192k, CORE 0k, NPROC 7878, NOFILE 65536, AS infinity
load average:0.78 0.60 0.51

/proc/meminfo:
MemTotal:        2049104 kB
MemFree:           72200 kB
MemAvailable:      14496 kB
Buffers:            1248 kB
Cached:            29444 kB
SwapCached:            0 kB
Active:          1844196 kB
Inactive:          23232 kB
Active(anon):    1837576 kB
Inactive(anon):    14180 kB
Active(file):       6620 kB
Inactive(file):     9052 kB
Unevictable:           0 kB
Mlocked:               0 kB
SwapTotal:             0 kB
SwapFree:              0 kB
Dirty:               136 kB
Writeback:             0 kB
AnonPages:       1836776 kB
Mapped:            22620 kB
Shmem:             14980 kB
Slab:              43380 kB
SReclaimable:      19696 kB
SUnreclaim:        23684 kB
KernelStack:        5680 kB
PageTables:        24128 kB
NFS_Unstable:          0 kB
Bounce:                0 kB
WritebackTmp:          0 kB
CommitLimit:     1024552 kB
Committed_AS:    3690512 kB
VmallocTotal:   34359738367 kB
VmallocUsed:           0 kB
VmallocChunk:          0 kB
HardwareCorrupted:     0 kB
AnonHugePages:         0 kB
ShmemHugePages:        0 kB
ShmemPmdMapped:        0 kB
HugePages_Total:       0
HugePages_Free:        0
HugePages_Rsvd:        0
HugePages_Surp:        0
Hugepagesize:       2048 kB
DirectMap4k:      107096 kB
DirectMap2M:     1986560 kB
DirectMap1G:           0 kB


CPU:total 2 (2 cores per cpu, 1 threads per core) family 16 model 6 stepping 2, cmov, cx8, fxsr, mmx, sse, sse2, sse3, popcnt, mmxext, 3dnowpref, lzcnt, tsc, tscinvbit, tscinv

/proc/cpuinfo:
processor	: 0
vendor_id	: AuthenticAMD
cpu family	: 16
model		: 6
model name	: AMD Athlon(tm) II Dual-Core M320
stepping	: 2
microcode	: 0x1000098
cpu MHz		: 800.000
cache size	: 512 KB
physical id	: 0
siblings	: 2
core id		: 0
cpu cores	: 2
apicid		: 0
initial apicid	: 0
fpu		: yes
fpu_exception	: yes
cpuid level	: 5
wp		: yes
flags		: fpu vme de pse tsc msr pae mce cx8 apic sep mtrr pge mca cmov pat pse36 clflush mmx fxsr sse sse2 ht syscall nx mmxext fxsr_opt pdpe1gb rdtscp lm 3dnowext 3dnow constant_tsc rep_good nopl nonstop_tsc extd_apicid eagerfpu pni monitor cx16 popcnt lahf_lm cmp_legacy svm extapic cr8_legacy abm sse4a 3dnowprefetch osvw ibs skinit wdt hw_pstate vmmcall npt lbrv svm_lock nrip_save
bugs		: tlb_mmatch fxsave_leak sysret_ss_attrs null_seg amd_e400
bogomips	: 4189.64
TLB size	: 1024 4K pages
clflush size	: 64
cache_alignment	: 64
address sizes	: 48 bits physical, 48 bits virtual
power management: ts ttp tm stc 100mhzsteps hwpstate

processor	: 1
vendor_id	: AuthenticAMD
cpu family	: 16
model		: 6
model name	: AMD Athlon(tm) II Dual-Core M320
stepping	: 2
microcode	: 0x1000098
cpu MHz		: 1500.000
cache size	: 512 KB
physical id	: 0
siblings	: 2
core id		: 1
cpu cores	: 2
apicid		: 1
initial apicid	: 1
fpu		: yes
fpu_exception	: yes
cpuid level	: 5
wp		: yes
flags		: fpu vme de pse tsc msr pae mce cx8 apic sep mtrr pge mca cmov pat pse36 clflush mmx fxsr sse sse2 ht syscall nx mmxext fxsr_opt pdpe1gb rdtscp lm 3dnowext 3dnow constant_tsc rep_good nopl nonstop_tsc extd_apicid eagerfpu pni monitor cx16 popcnt lahf_lm cmp_legacy svm extapic cr8_legacy abm sse4a 3dnowprefetch osvw ibs skinit wdt hw_pstate vmmcall npt lbrv svm_lock nrip_save
bugs		: tlb_mmatch fxsave_leak sysret_ss_attrs null_seg amd_e400
bogomips	: 4189.53
TLB size	: 1024 4K pages
clflush size	: 64
cache_alignment	: 64
address sizes	: 48 bits physical, 48 bits virtual
power management: ts ttp tm stc 100mhzsteps hwpstate



Memory: 4k page, physical 2049104k(72200k free), swap 0k(0k free)

vm_info: Java HotSpot(TM) 64-Bit Server VM (25.66-b17) for linux-amd64 JRE (1.8.0_66-b17), built on Oct  6 2015 17:28:34 by "java_re" with gcc 4.3.0 20080428 (Red Hat 4.3.0-8)

time: Tue Aug  8 16:35:54 2017
elapsed time: 106 seconds (0d 0h 1m 46s)

